This file contains any messages produced by compilers while
running configure, to aid debugging if configure makes a mistake.

It was created by FTGLES configure 0.1, which was
generated by GNU Autoconf 2.65.  Invocation command line was

  $ ./configure --host=arm-apple-darwin --prefix=/usr/local/iphone/iPhoneOS3.1.3 host_alias=arm-apple-darwin CXX=/Developer/Platforms/iPhoneOS.platform/Developer/usr/bin/arm-apple-darwin9-g++-4.0.1 -isysroot /Developer/Platforms/iPhoneOS.platform/Developer/SDKs/iPhoneOS3.1.3.sdk CXXFLAGS=-arch armv6 -fasm-blocks -Wno-trigraphs -Wreturn-type -Wunused-variable -I/usr/local/iphone/iPhoneOS3.1.3/include -L/usr/local/iphone/iPhoneOS3.1.3/lib LDFLAGS=-arch armv6 CC=/Developer/Platforms/iPhoneOS.platform/Developer/usr/bin/arm-apple-darwin9-gcc-4.0.1 -isysroot /Developer/Platforms/iPhoneOS.platform/Developer/SDKs/iPhoneOS3.1.3.sdk CFLAGS=-arch armv6 -fasm-blocks -Wno-trigraphs -Wreturn-type -Wunused-variable -I/usr/local/iphone/iPhoneOS3.1.3/include -L/usr/local/iphone/iPhoneOS3.1.3/lib --no-create --no-recursion

## --------- ##
## Platform. ##
## --------- ##

hostname = David-Petries-iMac.local
uname -m = i386
uname -r = 10.3.0
uname -s = Darwin
uname -v = Darwin Kernel Version 10.3.0: Fri Feb 26 11:58:09 PST 2010; root:xnu-1504.3.12~1/RELEASE_I386

/usr/bin/uname -p = i386
/bin/uname -X     = unknown

/bin/arch              = unknown
/usr/bin/arch -k       = unknown
/usr/convex/getsysinfo = unknown
/usr/bin/hostinfo      = Mach kernel version:
	 Darwin Kernel Version 10.3.0: Fri Feb 26 11:58:09 PST 2010; root:xnu-1504.3.12~1/RELEASE_I386
Kernel configured for up to 2 processors.
2 processors are physically available.
2 processors are logically available.
Processor type: i486 (Intel 80486)
Processors active: 0 1
Primary memory available: 4.00 gigabytes
Default processor set: 68 tasks, 282 threads, 2 processors
Load average: 1.18, Mach factor: 0.97
/bin/machine           = unknown
/usr/bin/oslevel       = unknown
/bin/universe          = unknown

PATH: /usr/local/bin
PATH: /Users/davidpetrie/Utilities/configure-iphone
PATH: /usr/bin
PATH: /bin
PATH: /usr/sbin
PATH: /sbin
PATH: /usr/local/bin
PATH: /usr/local/git/bin
PATH: /usr/X11/bin


## ----------- ##
## Core tests. ##
## ----------- ##

configure:2538: checking for a BSD-compatible install
configure:2606: result: /usr/bin/install -c
configure:2617: checking whether build environment is sane
configure:2667: result: yes
configure:2716: checking for arm-apple-darwin-strip
configure:2746: result: no
configure:2756: checking for strip
configure:2772: found /usr/bin/strip
configure:2783: result: strip
configure:2808: checking for a thread-safe mkdir -p
configure:2847: result: .auto/install-sh -c -d
configure:2860: checking for gawk
configure:2890: result: no
configure:2860: checking for mawk
configure:2890: result: no
configure:2860: checking for nawk
configure:2890: result: no
configure:2860: checking for awk
configure:2876: found /usr/bin/awk
configure:2887: result: awk
configure:2898: checking whether make sets $(MAKE)
configure:2920: result: yes
configure:3106: checking for C++ compiler version
configure:3115: /Developer/Platforms/iPhoneOS.platform/Developer/usr/bin/arm-apple-darwin9-g++-4.0.1 -isysroot /Developer/Platforms/iPhoneOS.platform/Developer/SDKs/iPhoneOS3.1.3.sdk --version >&5
arm-apple-darwin9-g++-4.0.1 (GCC) 4.0.1 (Apple Inc. build 5488)
Copyright (C) 2005 Free Software Foundation, Inc.
This is free software; see the source for copying conditions.  There is NO
warranty; not even for MERCHANTABILITY or FITNESS FOR A PARTICULAR PURPOSE.

configure:3126: $? = 0
configure:3115: /Developer/Platforms/iPhoneOS.platform/Developer/usr/bin/arm-apple-darwin9-g++-4.0.1 -isysroot /Developer/Platforms/iPhoneOS.platform/Developer/SDKs/iPhoneOS3.1.3.sdk -v >&5
Using built-in specs.
Target: arm-apple-darwin9
Configured with: /var/tmp/gcc_40/gcc_40-5488~1866/src/configure --disable-checking -enable-werror --prefix=/usr --mandir=/share/man --enable-languages=c,objc,c++,obj-c++ --program-transform-name=/^[cg][^.-]*$/s/$/-4.0/ --with-gxx-include-dir=/include/c++/4.0.0 --with-slibdir=/usr/lib --build=i686-apple-darwin9 --enable-werror-always --with-sysroot=/Developer/SDKs/Extra --program-prefix=arm-apple-darwin9- --host=i686-apple-darwin9 --target=arm-apple-darwin9
Thread model: posix
gcc version 4.0.1 (Apple Inc. build 5488)
configure:3126: $? = 0
configure:3115: /Developer/Platforms/iPhoneOS.platform/Developer/usr/bin/arm-apple-darwin9-g++-4.0.1 -isysroot /Developer/Platforms/iPhoneOS.platform/Developer/SDKs/iPhoneOS3.1.3.sdk -V >&5
arm-apple-darwin9-g++-4.0.1: argument to '-V' missing

configure:3126: $? = 1
configure:3115: /Developer/Platforms/iPhoneOS.platform/Developer/usr/bin/arm-apple-darwin9-g++-4.0.1 -isysroot /Developer/Platforms/iPhoneOS.platform/Developer/SDKs/iPhoneOS3.1.3.sdk -qversion >&5
arm-apple-darwin9-g++-4.0.1: no input files
configure:3126: $? = 1
configure:3146: checking whether the C++ compiler works
configure:3168: /Developer/Platforms/iPhoneOS.platform/Developer/usr/bin/arm-apple-darwin9-g++-4.0.1 -isysroot /Developer/Platforms/iPhoneOS.platform/Developer/SDKs/iPhoneOS3.1.3.sdk -arch armv6 -fasm-blocks -Wno-trigraphs -Wreturn-type -Wunused-variable -I/usr/local/iphone/iPhoneOS3.1.3/include -L/usr/local/iphone/iPhoneOS3.1.3/lib  -arch armv6 conftest.cpp  >&5
ld: warning: -force_cpusubtype_ALL will become unsupported for ARM architectures
configure:3172: $? = 0
configure:3221: result: yes
configure:3224: checking for C++ compiler default output file name
configure:3226: result: a.out
configure:3232: checking for suffix of executables
configure:3239: /Developer/Platforms/iPhoneOS.platform/Developer/usr/bin/arm-apple-darwin9-g++-4.0.1 -isysroot /Developer/Platforms/iPhoneOS.platform/Developer/SDKs/iPhoneOS3.1.3.sdk -o conftest -arch armv6 -fasm-blocks -Wno-trigraphs -Wreturn-type -Wunused-variable -I/usr/local/iphone/iPhoneOS3.1.3/include -L/usr/local/iphone/iPhoneOS3.1.3/lib  -arch armv6 conftest.cpp  >&5
ld: warning: -force_cpusubtype_ALL will become unsupported for ARM architectures
configure:3243: $? = 0
configure:3265: result: 
configure:3287: checking whether we are cross compiling
configure:3295: /Developer/Platforms/iPhoneOS.platform/Developer/usr/bin/arm-apple-darwin9-g++-4.0.1 -isysroot /Developer/Platforms/iPhoneOS.platform/Developer/SDKs/iPhoneOS3.1.3.sdk -o conftest -arch armv6 -fasm-blocks -Wno-trigraphs -Wreturn-type -Wunused-variable -I/usr/local/iphone/iPhoneOS3.1.3/include -L/usr/local/iphone/iPhoneOS3.1.3/lib  -arch armv6 conftest.cpp  >&5
ld: warning: -force_cpusubtype_ALL will become unsupported for ARM architectures
configure:3299: $? = 0
configure:3306: ./conftest
./configure: line 3308: ./conftest: Bad CPU type in executable
configure:3310: $? = 126
configure:3325: result: yes
configure:3330: checking for suffix of object files
configure:3352: /Developer/Platforms/iPhoneOS.platform/Developer/usr/bin/arm-apple-darwin9-g++-4.0.1 -isysroot /Developer/Platforms/iPhoneOS.platform/Developer/SDKs/iPhoneOS3.1.3.sdk -c -arch armv6 -fasm-blocks -Wno-trigraphs -Wreturn-type -Wunused-variable -I/usr/local/iphone/iPhoneOS3.1.3/include -L/usr/local/iphone/iPhoneOS3.1.3/lib  conftest.cpp >&5
configure:3356: $? = 0
configure:3377: result: o
configure:3381: checking whether we are using the GNU C++ compiler
configure:3400: /Developer/Platforms/iPhoneOS.platform/Developer/usr/bin/arm-apple-darwin9-g++-4.0.1 -isysroot /Developer/Platforms/iPhoneOS.platform/Developer/SDKs/iPhoneOS3.1.3.sdk -c -arch armv6 -fasm-blocks -Wno-trigraphs -Wreturn-type -Wunused-variable -I/usr/local/iphone/iPhoneOS3.1.3/include -L/usr/local/iphone/iPhoneOS3.1.3/lib  conftest.cpp >&5
configure:3400: $? = 0
configure:3409: result: yes
configure:3418: checking whether /Developer/Platforms/iPhoneOS.platform/Developer/usr/bin/arm-apple-darwin9-g++-4.0.1 -isysroot /Developer/Platforms/iPhoneOS.platform/Developer/SDKs/iPhoneOS3.1.3.sdk accepts -g
configure:3438: /Developer/Platforms/iPhoneOS.platform/Developer/usr/bin/arm-apple-darwin9-g++-4.0.1 -isysroot /Developer/Platforms/iPhoneOS.platform/Developer/SDKs/iPhoneOS3.1.3.sdk -c -g  conftest.cpp >&5
configure:3438: $? = 0
configure:3479: result: yes
configure:3513: checking for style of include used by make
configure:3541: result: GNU
configure:3566: checking dependency style of /Developer/Platforms/iPhoneOS.platform/Developer/usr/bin/arm-apple-darwin9-g++-4.0.1 -isysroot /Developer/Platforms/iPhoneOS.platform/Developer/SDKs/iPhoneOS3.1.3.sdk
configure:3676: result: gcc3
configure:3703: WARNING: Libtool does not cope well with whitespace in `pwd`
configure:3730: checking build system type
configure:3744: result: i386-apple-darwin10.3.0
configure:3764: checking host system type
configure:3777: result: arm-apple-darwin
configure:3805: checking for arm-apple-darwin-gcc
configure:3832: result: /Developer/Platforms/iPhoneOS.platform/Developer/usr/bin/arm-apple-darwin9-gcc-4.0.1 -isysroot /Developer/Platforms/iPhoneOS.platform/Developer/SDKs/iPhoneOS3.1.3.sdk
configure:4101: checking for C compiler version
configure:4110: /Developer/Platforms/iPhoneOS.platform/Developer/usr/bin/arm-apple-darwin9-gcc-4.0.1 -isysroot /Developer/Platforms/iPhoneOS.platform/Developer/SDKs/iPhoneOS3.1.3.sdk --version >&5
arm-apple-darwin9-gcc-4.0.1 (GCC) 4.0.1 (Apple Inc. build 5488)
Copyright (C) 2005 Free Software Foundation, Inc.
This is free software; see the source for copying conditions.  There is NO
warranty; not even for MERCHANTABILITY or FITNESS FOR A PARTICULAR PURPOSE.

configure:4121: $? = 0
configure:4110: /Developer/Platforms/iPhoneOS.platform/Developer/usr/bin/arm-apple-darwin9-gcc-4.0.1 -isysroot /Developer/Platforms/iPhoneOS.platform/Developer/SDKs/iPhoneOS3.1.3.sdk -v >&5
Using built-in specs.
Target: arm-apple-darwin9
Configured with: /var/tmp/gcc_40/gcc_40-5488~1866/src/configure --disable-checking -enable-werror --prefix=/usr --mandir=/share/man --enable-languages=c,objc,c++,obj-c++ --program-transform-name=/^[cg][^.-]*$/s/$/-4.0/ --with-gxx-include-dir=/include/c++/4.0.0 --with-slibdir=/usr/lib --build=i686-apple-darwin9 --enable-werror-always --with-sysroot=/Developer/SDKs/Extra --program-prefix=arm-apple-darwin9- --host=i686-apple-darwin9 --target=arm-apple-darwin9
Thread model: posix
gcc version 4.0.1 (Apple Inc. build 5488)
configure:4121: $? = 0
configure:4110: /Developer/Platforms/iPhoneOS.platform/Developer/usr/bin/arm-apple-darwin9-gcc-4.0.1 -isysroot /Developer/Platforms/iPhoneOS.platform/Developer/SDKs/iPhoneOS3.1.3.sdk -V >&5
arm-apple-darwin9-gcc-4.0.1: '-V' must come at the start of the command line
configure:4121: $? = 1
configure:4110: /Developer/Platforms/iPhoneOS.platform/Developer/usr/bin/arm-apple-darwin9-gcc-4.0.1 -isysroot /Developer/Platforms/iPhoneOS.platform/Developer/SDKs/iPhoneOS3.1.3.sdk -qversion >&5
arm-apple-darwin9-gcc-4.0.1: no input files
configure:4121: $? = 1
configure:4125: checking whether we are using the GNU C compiler
configure:4144: /Developer/Platforms/iPhoneOS.platform/Developer/usr/bin/arm-apple-darwin9-gcc-4.0.1 -isysroot /Developer/Platforms/iPhoneOS.platform/Developer/SDKs/iPhoneOS3.1.3.sdk -c -arch armv6 -fasm-blocks -Wno-trigraphs -Wreturn-type -Wunused-variable -I/usr/local/iphone/iPhoneOS3.1.3/include -L/usr/local/iphone/iPhoneOS3.1.3/lib  conftest.c >&5
configure:4144: $? = 0
configure:4153: result: yes
configure:4162: checking whether /Developer/Platforms/iPhoneOS.platform/Developer/usr/bin/arm-apple-darwin9-gcc-4.0.1 -isysroot /Developer/Platforms/iPhoneOS.platform/Developer/SDKs/iPhoneOS3.1.3.sdk accepts -g
configure:4182: /Developer/Platforms/iPhoneOS.platform/Developer/usr/bin/arm-apple-darwin9-gcc-4.0.1 -isysroot /Developer/Platforms/iPhoneOS.platform/Developer/SDKs/iPhoneOS3.1.3.sdk -c -g  conftest.c >&5
configure:4182: $? = 0
configure:4223: result: yes
configure:4240: checking for /Developer/Platforms/iPhoneOS.platform/Developer/usr/bin/arm-apple-darwin9-gcc-4.0.1 -isysroot /Developer/Platforms/iPhoneOS.platform/Developer/SDKs/iPhoneOS3.1.3.sdk option to accept ISO C89
configure:4304: /Developer/Platforms/iPhoneOS.platform/Developer/usr/bin/arm-apple-darwin9-gcc-4.0.1 -isysroot /Developer/Platforms/iPhoneOS.platform/Developer/SDKs/iPhoneOS3.1.3.sdk  -c -arch armv6 -fasm-blocks -Wno-trigraphs -Wreturn-type -Wunused-variable -I/usr/local/iphone/iPhoneOS3.1.3/include -L/usr/local/iphone/iPhoneOS3.1.3/lib  conftest.c >&5
configure:4304: $? = 0
configure:4317: result: none needed
configure:4339: checking dependency style of /Developer/Platforms/iPhoneOS.platform/Developer/usr/bin/arm-apple-darwin9-gcc-4.0.1 -isysroot /Developer/Platforms/iPhoneOS.platform/Developer/SDKs/iPhoneOS3.1.3.sdk
configure:4449: result: gcc3
configure:4464: checking for a sed that does not truncate output
configure:4528: result: /usr/bin/sed
configure:4546: checking for grep that handles long lines and -e
configure:4604: result: /usr/bin/grep
configure:4609: checking for egrep
configure:4671: result: /usr/bin/grep -E
configure:4676: checking for fgrep
configure:4738: result: /usr/bin/grep -F
configure:4773: checking for ld used by /Developer/Platforms/iPhoneOS.platform/Developer/usr/bin/arm-apple-darwin9-gcc-4.0.1 -isysroot /Developer/Platforms/iPhoneOS.platform/Developer/SDKs/iPhoneOS3.1.3.sdk
configure:4840: result: /Developer/Platforms/iPhoneOS.platform/Developer/usr/libexec/gcc/arm-apple-darwin9/4.0.1/ld
configure:4847: checking if the linker (/Developer/Platforms/iPhoneOS.platform/Developer/usr/libexec/gcc/arm-apple-darwin9/4.0.1/ld) is GNU ld
configure:4862: result: no
configure:4874: checking for BSD- or MS-compatible name lister (nm)
configure:4923: result: no
configure:4934: checking for arm-apple-darwin-dumpbin
configure:4964: result: no
configure:4934: checking for arm-apple-darwin-link
configure:4964: result: no
configure:4978: checking for dumpbin
configure:5008: result: no
configure:4978: checking for link
configure:4994: found /bin/link
configure:5005: result: link -dump -symbols
configure:5021: WARNING: using cross tools not prefixed with host triplet
configure:5041: checking the name lister (link -dump -symbols) interface
configure:5048: /Developer/Platforms/iPhoneOS.platform/Developer/usr/bin/arm-apple-darwin9-gcc-4.0.1 -isysroot /Developer/Platforms/iPhoneOS.platform/Developer/SDKs/iPhoneOS3.1.3.sdk -c -arch armv6 -fasm-blocks -Wno-trigraphs -Wreturn-type -Wunused-variable -I/usr/local/iphone/iPhoneOS3.1.3/include -L/usr/local/iphone/iPhoneOS3.1.3/lib  conftest.c >&5
configure:5051: link -dump -symbols "conftest.o"
link: illegal option -- d
usage: ln [-Ffhinsv] source_file [target_file]
       ln [-Ffhinsv] source_file ... target_dir
       link source_file target_file
configure:5054: output
configure:5061: result: BSD nm
configure:5064: checking whether ln -s works
configure:5068: result: yes
configure:5076: checking the maximum length of command line arguments
configure:5196: result: 196608
configure:5213: checking whether the shell understands some XSI constructs
configure:5223: result: yes
configure:5227: checking whether the shell understands "+="
configure:5233: result: yes
configure:5268: checking for /Developer/Platforms/iPhoneOS.platform/Developer/usr/libexec/gcc/arm-apple-darwin9/4.0.1/ld option to reload object files
configure:5275: result: -r
configure:5304: checking for arm-apple-darwin-objdump
configure:5334: result: no
configure:5344: checking for objdump
configure:5374: result: no
configure:5403: checking how to recognize dependent libraries
configure:5599: result: pass_all
configure:5619: checking for arm-apple-darwin-ar
configure:5649: result: no
configure:5659: checking for ar
configure:5675: found /usr/bin/ar
configure:5686: result: ar
configure:5724: checking for arm-apple-darwin-strip
configure:5751: result: strip
configure:5823: checking for arm-apple-darwin-ranlib
configure:5853: result: no
configure:5863: checking for ranlib
configure:5879: found /usr/bin/ranlib
configure:5890: result: ranlib
configure:5980: checking command to parse link -dump -symbols output from /Developer/Platforms/iPhoneOS.platform/Developer/usr/bin/arm-apple-darwin9-gcc-4.0.1 -isysroot /Developer/Platforms/iPhoneOS.platform/Developer/SDKs/iPhoneOS3.1.3.sdk object
configure:6098: /Developer/Platforms/iPhoneOS.platform/Developer/usr/bin/arm-apple-darwin9-gcc-4.0.1 -isysroot /Developer/Platforms/iPhoneOS.platform/Developer/SDKs/iPhoneOS3.1.3.sdk -c -arch armv6 -fasm-blocks -Wno-trigraphs -Wreturn-type -Wunused-variable -I/usr/local/iphone/iPhoneOS3.1.3/include -L/usr/local/iphone/iPhoneOS3.1.3/lib  conftest.c >&5
configure:6101: $? = 0
configure:6105: link -dump -symbols conftest.o \| sed -n -e 's/^.*[	 ]\([BCDEGRST][BCDEGRST]*\)[	 ][	 ]*\([_A-Za-z][_A-Za-z0-9]*\)$/\1 \2 \2/p' \> conftest.nm
link: illegal option -- d
usage: ln [-Ffhinsv] source_file [target_file]
       ln [-Ffhinsv] source_file ... target_dir
       link source_file target_file
configure:6108: $? = 0
cannot run sed -n -e 's/^.*[	 ]\([BCDEGRST][BCDEGRST]*\)[	 ][	 ]*\([_A-Za-z][_A-Za-z0-9]*\)$/\1 \2 \2/p'
configure:6098: /Developer/Platforms/iPhoneOS.platform/Developer/usr/bin/arm-apple-darwin9-gcc-4.0.1 -isysroot /Developer/Platforms/iPhoneOS.platform/Developer/SDKs/iPhoneOS3.1.3.sdk -c -arch armv6 -fasm-blocks -Wno-trigraphs -Wreturn-type -Wunused-variable -I/usr/local/iphone/iPhoneOS3.1.3/include -L/usr/local/iphone/iPhoneOS3.1.3/lib  conftest.c >&5
configure:6101: $? = 0
configure:6105: link -dump -symbols conftest.o \| sed -n -e 's/^.*[	 ]\([BCDEGRST][BCDEGRST]*\)[	 ][	 ]*_\([_A-Za-z][_A-Za-z0-9]*\)$/\1 _\2 \2/p' \> conftest.nm
link: illegal option -- d
usage: ln [-Ffhinsv] source_file [target_file]
       ln [-Ffhinsv] source_file ... target_dir
       link source_file target_file
configure:6108: $? = 0
cannot run sed -n -e 's/^.*[	 ]\([BCDEGRST][BCDEGRST]*\)[	 ][	 ]*_\([_A-Za-z][_A-Za-z0-9]*\)$/\1 _\2 \2/p'
configure:6200: result: failed
configure:6428: checking for arm-apple-darwin-dsymutil
configure:6458: result: no
configure:6468: checking for dsymutil
configure:6484: found /usr/bin/dsymutil
configure:6495: result: dsymutil
configure:6520: checking for arm-apple-darwin-nmedit
configure:6550: result: no
configure:6560: checking for nmedit
configure:6576: found /usr/bin/nmedit
configure:6587: result: nmedit
configure:6612: checking for arm-apple-darwin-lipo
configure:6642: result: no
configure:6652: checking for lipo
configure:6668: found /usr/bin/lipo
configure:6679: result: lipo
configure:6704: checking for arm-apple-darwin-otool
configure:6734: result: no
configure:6744: checking for otool
configure:6760: found /usr/bin/otool
configure:6771: result: otool
configure:6796: checking for arm-apple-darwin-otool64
configure:6826: result: no
configure:6836: checking for otool64
configure:6866: result: no
configure:6911: checking for -single_module linker flag
/Developer/Platforms/iPhoneOS.platform/Developer/usr/bin/arm-apple-darwin9-gcc-4.0.1 -isysroot /Developer/Platforms/iPhoneOS.platform/Developer/SDKs/iPhoneOS3.1.3.sdk -arch armv6 -fasm-blocks -Wno-trigraphs -Wreturn-type -Wunused-variable -I/usr/local/iphone/iPhoneOS3.1.3/include -L/usr/local/iphone/iPhoneOS3.1.3/lib -arch armv6 -o libconftest.dylib -dynamiclib -Wl,-single_module conftest.c
ld: warning: -force_cpusubtype_ALL will become unsupported for ARM architectures
configure:6938: result: no
configure:6940: checking for -exported_symbols_list linker flag
configure:6960: /Developer/Platforms/iPhoneOS.platform/Developer/usr/bin/arm-apple-darwin9-gcc-4.0.1 -isysroot /Developer/Platforms/iPhoneOS.platform/Developer/SDKs/iPhoneOS3.1.3.sdk -o conftest -arch armv6 -fasm-blocks -Wno-trigraphs -Wreturn-type -Wunused-variable -I/usr/local/iphone/iPhoneOS3.1.3/include -L/usr/local/iphone/iPhoneOS3.1.3/lib  -arch armv6 -Wl,-exported_symbols_list,conftest.sym conftest.c  >&5
ld: warning: -force_cpusubtype_ALL will become unsupported for ARM architectures
configure:6960: $? = 0
configure:6970: result: yes
configure:7012: checking how to run the C preprocessor
configure:7043: /Developer/Platforms/iPhoneOS.platform/Developer/usr/bin/arm-apple-darwin9-gcc-4.0.1 -isysroot /Developer/Platforms/iPhoneOS.platform/Developer/SDKs/iPhoneOS3.1.3.sdk -E  conftest.c
configure:7043: $? = 0
configure:7057: /Developer/Platforms/iPhoneOS.platform/Developer/usr/bin/arm-apple-darwin9-gcc-4.0.1 -isysroot /Developer/Platforms/iPhoneOS.platform/Developer/SDKs/iPhoneOS3.1.3.sdk -E  conftest.c
conftest.c:9:28: error: ac_nonexistent.h: No such file or directory
configure:7057: $? = 1
configure: failed program was:
| /* confdefs.h */
| #define PACKAGE_NAME "FTGLES"
| #define PACKAGE_TARNAME "ftgles"
| #define PACKAGE_VERSION "0.1"
| #define PACKAGE_STRING "FTGLES 0.1"
| #define PACKAGE_BUGREPORT "david@davidpetrie.com"
| #define PACKAGE_URL ""
| /* end confdefs.h.  */
| #include <ac_nonexistent.h>
configure:7082: result: /Developer/Platforms/iPhoneOS.platform/Developer/usr/bin/arm-apple-darwin9-gcc-4.0.1 -isysroot /Developer/Platforms/iPhoneOS.platform/Developer/SDKs/iPhoneOS3.1.3.sdk -E
configure:7102: /Developer/Platforms/iPhoneOS.platform/Developer/usr/bin/arm-apple-darwin9-gcc-4.0.1 -isysroot /Developer/Platforms/iPhoneOS.platform/Developer/SDKs/iPhoneOS3.1.3.sdk -E  conftest.c
configure:7102: $? = 0
configure:7116: /Developer/Platforms/iPhoneOS.platform/Developer/usr/bin/arm-apple-darwin9-gcc-4.0.1 -isysroot /Developer/Platforms/iPhoneOS.platform/Developer/SDKs/iPhoneOS3.1.3.sdk -E  conftest.c
conftest.c:9:28: error: ac_nonexistent.h: No such file or directory
configure:7116: $? = 1
configure: failed program was:
| /* confdefs.h */
| #define PACKAGE_NAME "FTGLES"
| #define PACKAGE_TARNAME "ftgles"
| #define PACKAGE_VERSION "0.1"
| #define PACKAGE_STRING "FTGLES 0.1"
| #define PACKAGE_BUGREPORT "david@davidpetrie.com"
| #define PACKAGE_URL ""
| /* end confdefs.h.  */
| #include <ac_nonexistent.h>
configure:7145: checking for ANSI C header files
configure:7165: /Developer/Platforms/iPhoneOS.platform/Developer/usr/bin/arm-apple-darwin9-gcc-4.0.1 -isysroot /Developer/Platforms/iPhoneOS.platform/Developer/SDKs/iPhoneOS3.1.3.sdk -c -arch armv6 -fasm-blocks -Wno-trigraphs -Wreturn-type -Wunused-variable -I/usr/local/iphone/iPhoneOS3.1.3/include -L/usr/local/iphone/iPhoneOS3.1.3/lib  conftest.c >&5
configure:7165: $? = 0
configure:7249: result: yes
configure:7262: checking for sys/types.h
configure:7262: /Developer/Platforms/iPhoneOS.platform/Developer/usr/bin/arm-apple-darwin9-gcc-4.0.1 -isysroot /Developer/Platforms/iPhoneOS.platform/Developer/SDKs/iPhoneOS3.1.3.sdk -c -arch armv6 -fasm-blocks -Wno-trigraphs -Wreturn-type -Wunused-variable -I/usr/local/iphone/iPhoneOS3.1.3/include -L/usr/local/iphone/iPhoneOS3.1.3/lib  conftest.c >&5
configure:7262: $? = 0
configure:7262: result: yes
configure:7262: checking for sys/stat.h
configure:7262: /Developer/Platforms/iPhoneOS.platform/Developer/usr/bin/arm-apple-darwin9-gcc-4.0.1 -isysroot /Developer/Platforms/iPhoneOS.platform/Developer/SDKs/iPhoneOS3.1.3.sdk -c -arch armv6 -fasm-blocks -Wno-trigraphs -Wreturn-type -Wunused-variable -I/usr/local/iphone/iPhoneOS3.1.3/include -L/usr/local/iphone/iPhoneOS3.1.3/lib  conftest.c >&5
configure:7262: $? = 0
configure:7262: result: yes
configure:7262: checking for stdlib.h
configure:7262: /Developer/Platforms/iPhoneOS.platform/Developer/usr/bin/arm-apple-darwin9-gcc-4.0.1 -isysroot /Developer/Platforms/iPhoneOS.platform/Developer/SDKs/iPhoneOS3.1.3.sdk -c -arch armv6 -fasm-blocks -Wno-trigraphs -Wreturn-type -Wunused-variable -I/usr/local/iphone/iPhoneOS3.1.3/include -L/usr/local/iphone/iPhoneOS3.1.3/lib  conftest.c >&5
configure:7262: $? = 0
configure:7262: result: yes
configure:7262: checking for string.h
configure:7262: /Developer/Platforms/iPhoneOS.platform/Developer/usr/bin/arm-apple-darwin9-gcc-4.0.1 -isysroot /Developer/Platforms/iPhoneOS.platform/Developer/SDKs/iPhoneOS3.1.3.sdk -c -arch armv6 -fasm-blocks -Wno-trigraphs -Wreturn-type -Wunused-variable -I/usr/local/iphone/iPhoneOS3.1.3/include -L/usr/local/iphone/iPhoneOS3.1.3/lib  conftest.c >&5
configure:7262: $? = 0
configure:7262: result: yes
configure:7262: checking for memory.h
configure:7262: /Developer/Platforms/iPhoneOS.platform/Developer/usr/bin/arm-apple-darwin9-gcc-4.0.1 -isysroot /Developer/Platforms/iPhoneOS.platform/Developer/SDKs/iPhoneOS3.1.3.sdk -c -arch armv6 -fasm-blocks -Wno-trigraphs -Wreturn-type -Wunused-variable -I/usr/local/iphone/iPhoneOS3.1.3/include -L/usr/local/iphone/iPhoneOS3.1.3/lib  conftest.c >&5
configure:7262: $? = 0
configure:7262: result: yes
configure:7262: checking for strings.h
configure:7262: /Developer/Platforms/iPhoneOS.platform/Developer/usr/bin/arm-apple-darwin9-gcc-4.0.1 -isysroot /Developer/Platforms/iPhoneOS.platform/Developer/SDKs/iPhoneOS3.1.3.sdk -c -arch armv6 -fasm-blocks -Wno-trigraphs -Wreturn-type -Wunused-variable -I/usr/local/iphone/iPhoneOS3.1.3/include -L/usr/local/iphone/iPhoneOS3.1.3/lib  conftest.c >&5
configure:7262: $? = 0
configure:7262: result: yes
configure:7262: checking for inttypes.h
configure:7262: /Developer/Platforms/iPhoneOS.platform/Developer/usr/bin/arm-apple-darwin9-gcc-4.0.1 -isysroot /Developer/Platforms/iPhoneOS.platform/Developer/SDKs/iPhoneOS3.1.3.sdk -c -arch armv6 -fasm-blocks -Wno-trigraphs -Wreturn-type -Wunused-variable -I/usr/local/iphone/iPhoneOS3.1.3/include -L/usr/local/iphone/iPhoneOS3.1.3/lib  conftest.c >&5
configure:7262: $? = 0
configure:7262: result: yes
configure:7262: checking for stdint.h
configure:7262: /Developer/Platforms/iPhoneOS.platform/Developer/usr/bin/arm-apple-darwin9-gcc-4.0.1 -isysroot /Developer/Platforms/iPhoneOS.platform/Developer/SDKs/iPhoneOS3.1.3.sdk -c -arch armv6 -fasm-blocks -Wno-trigraphs -Wreturn-type -Wunused-variable -I/usr/local/iphone/iPhoneOS3.1.3/include -L/usr/local/iphone/iPhoneOS3.1.3/lib  conftest.c >&5
configure:7262: $? = 0
configure:7262: result: yes
configure:7262: checking for unistd.h
configure:7262: /Developer/Platforms/iPhoneOS.platform/Developer/usr/bin/arm-apple-darwin9-gcc-4.0.1 -isysroot /Developer/Platforms/iPhoneOS.platform/Developer/SDKs/iPhoneOS3.1.3.sdk -c -arch armv6 -fasm-blocks -Wno-trigraphs -Wreturn-type -Wunused-variable -I/usr/local/iphone/iPhoneOS3.1.3/include -L/usr/local/iphone/iPhoneOS3.1.3/lib  conftest.c >&5
configure:7262: $? = 0
configure:7262: result: yes
configure:7277: checking for dlfcn.h
configure:7277: /Developer/Platforms/iPhoneOS.platform/Developer/usr/bin/arm-apple-darwin9-gcc-4.0.1 -isysroot /Developer/Platforms/iPhoneOS.platform/Developer/SDKs/iPhoneOS3.1.3.sdk -c -arch armv6 -fasm-blocks -Wno-trigraphs -Wreturn-type -Wunused-variable -I/usr/local/iphone/iPhoneOS3.1.3/include -L/usr/local/iphone/iPhoneOS3.1.3/lib  conftest.c >&5
configure:7277: $? = 0
configure:7277: result: yes
configure:7402: checking for C++ compiler version
configure:7411: /Developer/Platforms/iPhoneOS.platform/Developer/usr/bin/arm-apple-darwin9-g++-4.0.1 -isysroot /Developer/Platforms/iPhoneOS.platform/Developer/SDKs/iPhoneOS3.1.3.sdk --version >&5
arm-apple-darwin9-g++-4.0.1 (GCC) 4.0.1 (Apple Inc. build 5488)
Copyright (C) 2005 Free Software Foundation, Inc.
This is free software; see the source for copying conditions.  There is NO
warranty; not even for MERCHANTABILITY or FITNESS FOR A PARTICULAR PURPOSE.

configure:7422: $? = 0
configure:7411: /Developer/Platforms/iPhoneOS.platform/Developer/usr/bin/arm-apple-darwin9-g++-4.0.1 -isysroot /Developer/Platforms/iPhoneOS.platform/Developer/SDKs/iPhoneOS3.1.3.sdk -v >&5
Using built-in specs.
Target: arm-apple-darwin9
Configured with: /var/tmp/gcc_40/gcc_40-5488~1866/src/configure --disable-checking -enable-werror --prefix=/usr --mandir=/share/man --enable-languages=c,objc,c++,obj-c++ --program-transform-name=/^[cg][^.-]*$/s/$/-4.0/ --with-gxx-include-dir=/include/c++/4.0.0 --with-slibdir=/usr/lib --build=i686-apple-darwin9 --enable-werror-always --with-sysroot=/Developer/SDKs/Extra --program-prefix=arm-apple-darwin9- --host=i686-apple-darwin9 --target=arm-apple-darwin9
Thread model: posix
gcc version 4.0.1 (Apple Inc. build 5488)
configure:7422: $? = 0
configure:7411: /Developer/Platforms/iPhoneOS.platform/Developer/usr/bin/arm-apple-darwin9-g++-4.0.1 -isysroot /Developer/Platforms/iPhoneOS.platform/Developer/SDKs/iPhoneOS3.1.3.sdk -V >&5
arm-apple-darwin9-g++-4.0.1: argument to '-V' missing

configure:7422: $? = 1
configure:7411: /Developer/Platforms/iPhoneOS.platform/Developer/usr/bin/arm-apple-darwin9-g++-4.0.1 -isysroot /Developer/Platforms/iPhoneOS.platform/Developer/SDKs/iPhoneOS3.1.3.sdk -qversion >&5
arm-apple-darwin9-g++-4.0.1: no input files
configure:7422: $? = 1
configure:7426: checking whether we are using the GNU C++ compiler
configure:7454: result: yes
configure:7463: checking whether /Developer/Platforms/iPhoneOS.platform/Developer/usr/bin/arm-apple-darwin9-g++-4.0.1 -isysroot /Developer/Platforms/iPhoneOS.platform/Developer/SDKs/iPhoneOS3.1.3.sdk accepts -g
configure:7524: result: yes
configure:7549: checking dependency style of /Developer/Platforms/iPhoneOS.platform/Developer/usr/bin/arm-apple-darwin9-g++-4.0.1 -isysroot /Developer/Platforms/iPhoneOS.platform/Developer/SDKs/iPhoneOS3.1.3.sdk
configure:7659: result: gcc3
configure:7682: checking how to run the C++ preprocessor
configure:7709: /Developer/Platforms/iPhoneOS.platform/Developer/usr/bin/arm-apple-darwin9-g++-4.0.1 -isysroot /Developer/Platforms/iPhoneOS.platform/Developer/SDKs/iPhoneOS3.1.3.sdk -E  conftest.cpp
configure:7709: $? = 0
configure:7723: /Developer/Platforms/iPhoneOS.platform/Developer/usr/bin/arm-apple-darwin9-g++-4.0.1 -isysroot /Developer/Platforms/iPhoneOS.platform/Developer/SDKs/iPhoneOS3.1.3.sdk -E  conftest.cpp
conftest.cpp:20:28: error: ac_nonexistent.h: No such file or directory
configure:7723: $? = 1
configure: failed program was:
| /* confdefs.h */
| #define PACKAGE_NAME "FTGLES"
| #define PACKAGE_TARNAME "ftgles"
| #define PACKAGE_VERSION "0.1"
| #define PACKAGE_STRING "FTGLES 0.1"
| #define PACKAGE_BUGREPORT "david@davidpetrie.com"
| #define PACKAGE_URL ""
| #define STDC_HEADERS 1
| #define HAVE_SYS_TYPES_H 1
| #define HAVE_SYS_STAT_H 1
| #define HAVE_STDLIB_H 1
| #define HAVE_STRING_H 1
| #define HAVE_MEMORY_H 1
| #define HAVE_STRINGS_H 1
| #define HAVE_INTTYPES_H 1
| #define HAVE_STDINT_H 1
| #define HAVE_UNISTD_H 1
| #define HAVE_DLFCN_H 1
| /* end confdefs.h.  */
| #include <ac_nonexistent.h>
configure:7748: result: /Developer/Platforms/iPhoneOS.platform/Developer/usr/bin/arm-apple-darwin9-g++-4.0.1 -isysroot /Developer/Platforms/iPhoneOS.platform/Developer/SDKs/iPhoneOS3.1.3.sdk -E
configure:7768: /Developer/Platforms/iPhoneOS.platform/Developer/usr/bin/arm-apple-darwin9-g++-4.0.1 -isysroot /Developer/Platforms/iPhoneOS.platform/Developer/SDKs/iPhoneOS3.1.3.sdk -E  conftest.cpp
configure:7768: $? = 0
configure:7782: /Developer/Platforms/iPhoneOS.platform/Developer/usr/bin/arm-apple-darwin9-g++-4.0.1 -isysroot /Developer/Platforms/iPhoneOS.platform/Developer/SDKs/iPhoneOS3.1.3.sdk -E  conftest.cpp
conftest.cpp:20:28: error: ac_nonexistent.h: No such file or directory
configure:7782: $? = 1
configure: failed program was:
| /* confdefs.h */
| #define PACKAGE_NAME "FTGLES"
| #define PACKAGE_TARNAME "ftgles"
| #define PACKAGE_VERSION "0.1"
| #define PACKAGE_STRING "FTGLES 0.1"
| #define PACKAGE_BUGREPORT "david@davidpetrie.com"
| #define PACKAGE_URL ""
| #define STDC_HEADERS 1
| #define HAVE_SYS_TYPES_H 1
| #define HAVE_SYS_STAT_H 1
| #define HAVE_STDLIB_H 1
| #define HAVE_STRING_H 1
| #define HAVE_MEMORY_H 1
| #define HAVE_STRINGS_H 1
| #define HAVE_INTTYPES_H 1
| #define HAVE_STDINT_H 1
| #define HAVE_UNISTD_H 1
| #define HAVE_DLFCN_H 1
| /* end confdefs.h.  */
| #include <ac_nonexistent.h>
configure:7988: checking for objdir
configure:8003: result: .libs
configure:8299: checking if /Developer/Platforms/iPhoneOS.platform/Developer/usr/bin/arm-apple-darwin9-gcc-4.0.1 -isysroot /Developer/Platforms/iPhoneOS.platform/Developer/SDKs/iPhoneOS3.1.3.sdk supports -fno-rtti -fno-exceptions
configure:8317: /Developer/Platforms/iPhoneOS.platform/Developer/usr/bin/arm-apple-darwin9-gcc-4.0.1 -isysroot /Developer/Platforms/iPhoneOS.platform/Developer/SDKs/iPhoneOS3.1.3.sdk -c -arch armv6 -fasm-blocks -Wno-trigraphs -Wreturn-type -Wunused-variable -I/usr/local/iphone/iPhoneOS3.1.3/include -L/usr/local/iphone/iPhoneOS3.1.3/lib  -fno-rtti -fno-exceptions conftest.c >&5
cc1: warning: command line option "-fno-rtti" is valid for C++/ObjC++ but not for C
configure:8321: $? = 0
configure:8334: result: no
configure:8354: checking for /Developer/Platforms/iPhoneOS.platform/Developer/usr/bin/arm-apple-darwin9-gcc-4.0.1 -isysroot /Developer/Platforms/iPhoneOS.platform/Developer/SDKs/iPhoneOS3.1.3.sdk option to produce PIC
configure:8626: result: -fno-common -DPIC
configure:8638: checking if /Developer/Platforms/iPhoneOS.platform/Developer/usr/bin/arm-apple-darwin9-gcc-4.0.1 -isysroot /Developer/Platforms/iPhoneOS.platform/Developer/SDKs/iPhoneOS3.1.3.sdk PIC flag -fno-common -DPIC works
configure:8656: /Developer/Platforms/iPhoneOS.platform/Developer/usr/bin/arm-apple-darwin9-gcc-4.0.1 -isysroot /Developer/Platforms/iPhoneOS.platform/Developer/SDKs/iPhoneOS3.1.3.sdk -c -arch armv6 -fasm-blocks -Wno-trigraphs -Wreturn-type -Wunused-variable -I/usr/local/iphone/iPhoneOS3.1.3/include -L/usr/local/iphone/iPhoneOS3.1.3/lib  -fno-common -DPIC -DPIC conftest.c >&5
configure:8660: $? = 0
configure:8673: result: yes
configure:8697: checking if /Developer/Platforms/iPhoneOS.platform/Developer/usr/bin/arm-apple-darwin9-gcc-4.0.1 -isysroot /Developer/Platforms/iPhoneOS.platform/Developer/SDKs/iPhoneOS3.1.3.sdk static flag -static works
configure:8725: result: no
configure:8740: checking if /Developer/Platforms/iPhoneOS.platform/Developer/usr/bin/arm-apple-darwin9-gcc-4.0.1 -isysroot /Developer/Platforms/iPhoneOS.platform/Developer/SDKs/iPhoneOS3.1.3.sdk supports -c -o file.o
configure:8761: /Developer/Platforms/iPhoneOS.platform/Developer/usr/bin/arm-apple-darwin9-gcc-4.0.1 -isysroot /Developer/Platforms/iPhoneOS.platform/Developer/SDKs/iPhoneOS3.1.3.sdk -c -arch armv6 -fasm-blocks -Wno-trigraphs -Wreturn-type -Wunused-variable -I/usr/local/iphone/iPhoneOS3.1.3/include -L/usr/local/iphone/iPhoneOS3.1.3/lib  -o out/conftest2.o conftest.c >&5
configure:8765: $? = 0
configure:8787: result: yes
configure:8795: checking if /Developer/Platforms/iPhoneOS.platform/Developer/usr/bin/arm-apple-darwin9-gcc-4.0.1 -isysroot /Developer/Platforms/iPhoneOS.platform/Developer/SDKs/iPhoneOS3.1.3.sdk supports -c -o file.o
configure:8842: result: yes
configure:8875: checking whether the /Developer/Platforms/iPhoneOS.platform/Developer/usr/bin/arm-apple-darwin9-gcc-4.0.1 -isysroot /Developer/Platforms/iPhoneOS.platform/Developer/SDKs/iPhoneOS3.1.3.sdk linker (/Developer/Platforms/iPhoneOS.platform/Developer/usr/libexec/gcc/arm-apple-darwin9/4.0.1/ld) supports shared libraries
configure:9861: result: yes
configure:10100: checking dynamic linker characteristics
configure:10751: result: darwin dyld
configure:10853: checking how to hardcode library paths into programs
configure:10878: result: immediate
configure:11398: checking whether stripping libraries is possible
configure:11412: result: yes
configure:11438: checking if libtool supports shared libraries
configure:11440: result: yes
configure:11443: checking whether to build shared libraries
configure:11464: result: yes
configure:11467: checking whether to build static libraries
configure:11471: result: yes
configure:11621: checking for ld used by /Developer/Platforms/iPhoneOS.platform/Developer/usr/bin/arm-apple-darwin9-g++-4.0.1 -isysroot /Developer/Platforms/iPhoneOS.platform/Developer/SDKs/iPhoneOS3.1.3.sdk
configure:11688: result: /Developer/Platforms/iPhoneOS.platform/Developer/usr/libexec/gcc/arm-apple-darwin9/4.0.1/ld
configure:11695: checking if the linker (/Developer/Platforms/iPhoneOS.platform/Developer/usr/libexec/gcc/arm-apple-darwin9/4.0.1/ld) is GNU ld
configure:11710: result: no
configure:11765: checking whether the /Developer/Platforms/iPhoneOS.platform/Developer/usr/bin/arm-apple-darwin9-g++-4.0.1 -isysroot /Developer/Platforms/iPhoneOS.platform/Developer/SDKs/iPhoneOS3.1.3.sdk linker (/Developer/Platforms/iPhoneOS.platform/Developer/usr/libexec/gcc/arm-apple-darwin9/4.0.1/ld) supports shared libraries
configure:12678: result: yes
configure:12706: /Developer/Platforms/iPhoneOS.platform/Developer/usr/bin/arm-apple-darwin9-g++-4.0.1 -isysroot /Developer/Platforms/iPhoneOS.platform/Developer/SDKs/iPhoneOS3.1.3.sdk -c -arch armv6 -fasm-blocks -Wno-trigraphs -Wreturn-type -Wunused-variable -I/usr/local/iphone/iPhoneOS3.1.3/include -L/usr/local/iphone/iPhoneOS3.1.3/lib  conftest.cpp >&5
configure:12709: $? = 0
configure:12891: checking for /Developer/Platforms/iPhoneOS.platform/Developer/usr/bin/arm-apple-darwin9-g++-4.0.1 -isysroot /Developer/Platforms/iPhoneOS.platform/Developer/SDKs/iPhoneOS3.1.3.sdk option to produce PIC
configure:13208: result: -fno-common -DPIC
configure:13217: checking if /Developer/Platforms/iPhoneOS.platform/Developer/usr/bin/arm-apple-darwin9-g++-4.0.1 -isysroot /Developer/Platforms/iPhoneOS.platform/Developer/SDKs/iPhoneOS3.1.3.sdk PIC flag -fno-common -DPIC works
configure:13235: /Developer/Platforms/iPhoneOS.platform/Developer/usr/bin/arm-apple-darwin9-g++-4.0.1 -isysroot /Developer/Platforms/iPhoneOS.platform/Developer/SDKs/iPhoneOS3.1.3.sdk -c -arch armv6 -fasm-blocks -Wno-trigraphs -Wreturn-type -Wunused-variable -I/usr/local/iphone/iPhoneOS3.1.3/include -L/usr/local/iphone/iPhoneOS3.1.3/lib  -fno-common -DPIC -DPIC conftest.cpp >&5
configure:13239: $? = 0
configure:13252: result: yes
configure:13273: checking if /Developer/Platforms/iPhoneOS.platform/Developer/usr/bin/arm-apple-darwin9-g++-4.0.1 -isysroot /Developer/Platforms/iPhoneOS.platform/Developer/SDKs/iPhoneOS3.1.3.sdk static flag -static works
configure:13301: result: no
configure:13313: checking if /Developer/Platforms/iPhoneOS.platform/Developer/usr/bin/arm-apple-darwin9-g++-4.0.1 -isysroot /Developer/Platforms/iPhoneOS.platform/Developer/SDKs/iPhoneOS3.1.3.sdk supports -c -o file.o
configure:13334: /Developer/Platforms/iPhoneOS.platform/Developer/usr/bin/arm-apple-darwin9-g++-4.0.1 -isysroot /Developer/Platforms/iPhoneOS.platform/Developer/SDKs/iPhoneOS3.1.3.sdk -c -arch armv6 -fasm-blocks -Wno-trigraphs -Wreturn-type -Wunused-variable -I/usr/local/iphone/iPhoneOS3.1.3/include -L/usr/local/iphone/iPhoneOS3.1.3/lib  -o out/conftest2.o conftest.cpp >&5
configure:13338: $? = 0
configure:13360: result: yes
configure:13365: checking if /Developer/Platforms/iPhoneOS.platform/Developer/usr/bin/arm-apple-darwin9-g++-4.0.1 -isysroot /Developer/Platforms/iPhoneOS.platform/Developer/SDKs/iPhoneOS3.1.3.sdk supports -c -o file.o
configure:13412: result: yes
configure:13442: checking whether the /Developer/Platforms/iPhoneOS.platform/Developer/usr/bin/arm-apple-darwin9-g++-4.0.1 -isysroot /Developer/Platforms/iPhoneOS.platform/Developer/SDKs/iPhoneOS3.1.3.sdk linker (/Developer/Platforms/iPhoneOS.platform/Developer/usr/libexec/gcc/arm-apple-darwin9/4.0.1/ld) supports shared libraries
configure:13468: result: yes
configure:13605: checking dynamic linker characteristics
configure:14204: result: darwin dyld
configure:14255: checking how to hardcode library paths into programs
configure:14280: result: immediate
configure:14343: checking whether /Developer/Platforms/iPhoneOS.platform/Developer/usr/bin/arm-apple-darwin9-gcc-4.0.1 -isysroot /Developer/Platforms/iPhoneOS.platform/Developer/SDKs/iPhoneOS3.1.3.sdk and cc understand -c and -o together
configure:14374: /Developer/Platforms/iPhoneOS.platform/Developer/usr/bin/arm-apple-darwin9-gcc-4.0.1 -isysroot /Developer/Platforms/iPhoneOS.platform/Developer/SDKs/iPhoneOS3.1.3.sdk -c conftest.c -o conftest2.o >&5
configure:14378: $? = 0
configure:14384: /Developer/Platforms/iPhoneOS.platform/Developer/usr/bin/arm-apple-darwin9-gcc-4.0.1 -isysroot /Developer/Platforms/iPhoneOS.platform/Developer/SDKs/iPhoneOS3.1.3.sdk -c conftest.c -o conftest2.o >&5
configure:14388: $? = 0
configure:14399: cc -c conftest.c >&5
configure:14403: $? = 0
configure:14411: cc -c conftest.c -o conftest2.o >&5
configure:14415: $? = 0
configure:14421: cc -c conftest.c -o conftest2.o >&5
configure:14425: $? = 0
configure:14443: result: yes
configure:14470: checking for ANSI C header files
configure:14574: result: yes
configure:14582: checking for stdlib.h
configure:14582: result: yes
configure:14592: checking for wcsdup
configure:14592: /Developer/Platforms/iPhoneOS.platform/Developer/usr/bin/arm-apple-darwin9-gcc-4.0.1 -isysroot /Developer/Platforms/iPhoneOS.platform/Developer/SDKs/iPhoneOS3.1.3.sdk -o conftest -arch armv6 -fasm-blocks -Wno-trigraphs -Wreturn-type -Wunused-variable -I/usr/local/iphone/iPhoneOS3.1.3/include -L/usr/local/iphone/iPhoneOS3.1.3/lib  -arch armv6 conftest.c  >&5
ld: warning: -force_cpusubtype_ALL will become unsupported for ARM architectures
Undefined symbols:
  "_wcsdup", referenced from:
      _main in ccT7tx4R.o
ld: symbol(s) not found
collect2: ld returned 1 exit status
configure:14592: $? = 1
configure: failed program was:
| /* confdefs.h */
| #define PACKAGE_NAME "FTGLES"
| #define PACKAGE_TARNAME "ftgles"
| #define PACKAGE_VERSION "0.1"
| #define PACKAGE_STRING "FTGLES 0.1"
| #define PACKAGE_BUGREPORT "david@davidpetrie.com"
| #define PACKAGE_URL ""
| #define STDC_HEADERS 1
| #define HAVE_SYS_TYPES_H 1
| #define HAVE_SYS_STAT_H 1
| #define HAVE_STDLIB_H 1
| #define HAVE_STRING_H 1
| #define HAVE_MEMORY_H 1
| #define HAVE_STRINGS_H 1
| #define HAVE_INTTYPES_H 1
| #define HAVE_STDINT_H 1
| #define HAVE_UNISTD_H 1
| #define HAVE_DLFCN_H 1
| #define LT_OBJDIR ".libs/"
| #define STDC_HEADERS 1
| /* end confdefs.h.  */
| /* Define wcsdup to an innocuous variant, in case <limits.h> declares wcsdup.
|    For example, HP-UX 11i <limits.h> declares gettimeofday.  */
| #define wcsdup innocuous_wcsdup
| 
| /* System header to define __stub macros and hopefully few prototypes,
|     which can conflict with char wcsdup (); below.
|     Prefer <limits.h> to <assert.h> if __STDC__ is defined, since
|     <limits.h> exists even on freestanding compilers.  */
| 
| #ifdef __STDC__
| # include <limits.h>
| #else
| # include <assert.h>
| #endif
| 
| #undef wcsdup
| 
| /* Override any GCC internal prototype to avoid an error.
|    Use char because int might match the return type of a GCC
|    builtin and then its argument prototype would still apply.  */
| #ifdef __cplusplus
| extern "C"
| #endif
| char wcsdup ();
| /* The GNU C library defines this for functions which it implements
|     to always fail with ENOSYS.  Some functions are actually named
|     something starting with __ and the normal name is an alias.  */
| #if defined __stub_wcsdup || defined __stub___wcsdup
| choke me
| #endif
| 
| int
| main ()
| {
| return wcsdup ();
|   ;
|   return 0;
| }
configure:14592: result: no
configure:14603: checking for strndup
configure:14603: /Developer/Platforms/iPhoneOS.platform/Developer/usr/bin/arm-apple-darwin9-gcc-4.0.1 -isysroot /Developer/Platforms/iPhoneOS.platform/Developer/SDKs/iPhoneOS3.1.3.sdk -o conftest -arch armv6 -fasm-blocks -Wno-trigraphs -Wreturn-type -Wunused-variable -I/usr/local/iphone/iPhoneOS3.1.3/include -L/usr/local/iphone/iPhoneOS3.1.3/lib  -arch armv6 conftest.c  >&5
ld: warning: -force_cpusubtype_ALL will become unsupported for ARM architectures
Undefined symbols:
  "_strndup", referenced from:
      _main in ccgWL4Cy.o
ld: symbol(s) not found
collect2: ld returned 1 exit status
configure:14603: $? = 1
configure: failed program was:
| /* confdefs.h */
| #define PACKAGE_NAME "FTGLES"
| #define PACKAGE_TARNAME "ftgles"
| #define PACKAGE_VERSION "0.1"
| #define PACKAGE_STRING "FTGLES 0.1"
| #define PACKAGE_BUGREPORT "david@davidpetrie.com"
| #define PACKAGE_URL ""
| #define STDC_HEADERS 1
| #define HAVE_SYS_TYPES_H 1
| #define HAVE_SYS_STAT_H 1
| #define HAVE_STDLIB_H 1
| #define HAVE_STRING_H 1
| #define HAVE_MEMORY_H 1
| #define HAVE_STRINGS_H 1
| #define HAVE_INTTYPES_H 1
| #define HAVE_STDINT_H 1
| #define HAVE_UNISTD_H 1
| #define HAVE_DLFCN_H 1
| #define LT_OBJDIR ".libs/"
| #define STDC_HEADERS 1
| /* end confdefs.h.  */
| /* Define strndup to an innocuous variant, in case <limits.h> declares strndup.
|    For example, HP-UX 11i <limits.h> declares gettimeofday.  */
| #define strndup innocuous_strndup
| 
| /* System header to define __stub macros and hopefully few prototypes,
|     which can conflict with char strndup (); below.
|     Prefer <limits.h> to <assert.h> if __STDC__ is defined, since
|     <limits.h> exists even on freestanding compilers.  */
| 
| #ifdef __STDC__
| # include <limits.h>
| #else
| # include <assert.h>
| #endif
| 
| #undef strndup
| 
| /* Override any GCC internal prototype to avoid an error.
|    Use char because int might match the return type of a GCC
|    builtin and then its argument prototype would still apply.  */
| #ifdef __cplusplus
| extern "C"
| #endif
| char strndup ();
| /* The GNU C library defines this for functions which it implements
|     to always fail with ENOSYS.  Some functions are actually named
|     something starting with __ and the normal name is an alias.  */
| #if defined __stub_strndup || defined __stub___strndup
| choke me
| #endif
| 
| int
| main ()
| {
| return strndup ();
|   ;
|   return 0;
| }
configure:14603: result: no
configure:14615: checking for X
configure:14723: /Developer/Platforms/iPhoneOS.platform/Developer/usr/bin/arm-apple-darwin9-gcc-4.0.1 -isysroot /Developer/Platforms/iPhoneOS.platform/Developer/SDKs/iPhoneOS3.1.3.sdk -E  conftest.c
conftest.c:22:22: error: X11/Xlib.h: No such file or directory
configure:14723: $? = 1
configure: failed program was:
| /* confdefs.h */
| #define PACKAGE_NAME "FTGLES"
| #define PACKAGE_TARNAME "ftgles"
| #define PACKAGE_VERSION "0.1"
| #define PACKAGE_STRING "FTGLES 0.1"
| #define PACKAGE_BUGREPORT "david@davidpetrie.com"
| #define PACKAGE_URL ""
| #define STDC_HEADERS 1
| #define HAVE_SYS_TYPES_H 1
| #define HAVE_SYS_STAT_H 1
| #define HAVE_STDLIB_H 1
| #define HAVE_STRING_H 1
| #define HAVE_MEMORY_H 1
| #define HAVE_STRINGS_H 1
| #define HAVE_INTTYPES_H 1
| #define HAVE_STDINT_H 1
| #define HAVE_UNISTD_H 1
| #define HAVE_DLFCN_H 1
| #define LT_OBJDIR ".libs/"
| #define STDC_HEADERS 1
| /* end confdefs.h.  */
| #include <X11/Xlib.h>
configure:14754: /Developer/Platforms/iPhoneOS.platform/Developer/usr/bin/arm-apple-darwin9-gcc-4.0.1 -isysroot /Developer/Platforms/iPhoneOS.platform/Developer/SDKs/iPhoneOS3.1.3.sdk -o conftest -arch armv6 -fasm-blocks -Wno-trigraphs -Wreturn-type -Wunused-variable -I/usr/local/iphone/iPhoneOS3.1.3/include -L/usr/local/iphone/iPhoneOS3.1.3/lib  -arch armv6 conftest.c -lX11  >&5
conftest.c:22:22: error: X11/Xlib.h: No such file or directory
configure:14754: $? = 1
configure: failed program was:
| /* confdefs.h */
| #define PACKAGE_NAME "FTGLES"
| #define PACKAGE_TARNAME "ftgles"
| #define PACKAGE_VERSION "0.1"
| #define PACKAGE_STRING "FTGLES 0.1"
| #define PACKAGE_BUGREPORT "david@davidpetrie.com"
| #define PACKAGE_URL ""
| #define STDC_HEADERS 1
| #define HAVE_SYS_TYPES_H 1
| #define HAVE_SYS_STAT_H 1
| #define HAVE_STDLIB_H 1
| #define HAVE_STRING_H 1
| #define HAVE_MEMORY_H 1
| #define HAVE_STRINGS_H 1
| #define HAVE_INTTYPES_H 1
| #define HAVE_STDINT_H 1
| #define HAVE_UNISTD_H 1
| #define HAVE_DLFCN_H 1
| #define LT_OBJDIR ".libs/"
| #define STDC_HEADERS 1
| /* end confdefs.h.  */
| #include <X11/Xlib.h>
| int
| main ()
| {
| XrmInitialize ()
|   ;
|   return 0;
| }
configure:14804: result: libraries /usr/X11/lib, headers /usr/X11/include
configure:14853: checking for freetype-config
configure:14871: found /usr/X11/bin/freetype-config
configure:14884: result: /usr/X11/bin/freetype-config
configure:14894: checking for FreeType -- version >= 9.0.3
configure:14938: result: yes
configure:15013: checking whether -R must be followed by a space
configure:15029: /Developer/Platforms/iPhoneOS.platform/Developer/usr/bin/arm-apple-darwin9-gcc-4.0.1 -isysroot /Developer/Platforms/iPhoneOS.platform/Developer/SDKs/iPhoneOS3.1.3.sdk -o conftest -arch armv6 -fasm-blocks -Wno-trigraphs -Wreturn-type -Wunused-variable -I/usr/local/iphone/iPhoneOS3.1.3/include -L/usr/local/iphone/iPhoneOS3.1.3/lib  -arch armv6 conftest.c  -R/usr/X11/lib >&5
ld: warning: -force_cpusubtype_ALL will become unsupported for ARM architectures
configure:15029: $? = 0
configure: failed program was:
| /* confdefs.h */
| #define PACKAGE_NAME "FTGLES"
| #define PACKAGE_TARNAME "ftgles"
| #define PACKAGE_VERSION "0.1"
| #define PACKAGE_STRING "FTGLES 0.1"
| #define PACKAGE_BUGREPORT "david@davidpetrie.com"
| #define PACKAGE_URL ""
| #define STDC_HEADERS 1
| #define HAVE_SYS_TYPES_H 1
| #define HAVE_SYS_STAT_H 1
| #define HAVE_STDLIB_H 1
| #define HAVE_STRING_H 1
| #define HAVE_MEMORY_H 1
| #define HAVE_STRINGS_H 1
| #define HAVE_INTTYPES_H 1
| #define HAVE_STDINT_H 1
| #define HAVE_UNISTD_H 1
| #define HAVE_DLFCN_H 1
| #define LT_OBJDIR ".libs/"
| #define STDC_HEADERS 1
| /* end confdefs.h.  */
| 
| int
| main ()
| {
| 
|   ;
|   return 0;
| }
configure:15046: /Developer/Platforms/iPhoneOS.platform/Developer/usr/bin/arm-apple-darwin9-gcc-4.0.1 -isysroot /Developer/Platforms/iPhoneOS.platform/Developer/SDKs/iPhoneOS3.1.3.sdk -o conftest -arch armv6 -fasm-blocks -Wno-trigraphs -Wreturn-type -Wunused-variable -I/usr/local/iphone/iPhoneOS3.1.3/include -L/usr/local/iphone/iPhoneOS3.1.3/lib  -arch armv6 conftest.c  -R /usr/X11/lib >&5
ld: warning: -force_cpusubtype_ALL will become unsupported for ARM architectures
ld: in /usr/X11/lib, can't map file, errno=22
collect2: ld returned 1 exit status
configure:15046: $? = 1
configure: failed program was:
| /* confdefs.h */
| #define PACKAGE_NAME "FTGLES"
| #define PACKAGE_TARNAME "ftgles"
| #define PACKAGE_VERSION "0.1"
| #define PACKAGE_STRING "FTGLES 0.1"
| #define PACKAGE_BUGREPORT "david@davidpetrie.com"
| #define PACKAGE_URL ""
| #define STDC_HEADERS 1
| #define HAVE_SYS_TYPES_H 1
| #define HAVE_SYS_STAT_H 1
| #define HAVE_STDLIB_H 1
| #define HAVE_STRING_H 1
| #define HAVE_MEMORY_H 1
| #define HAVE_STRINGS_H 1
| #define HAVE_INTTYPES_H 1
| #define HAVE_STDINT_H 1
| #define HAVE_UNISTD_H 1
| #define HAVE_DLFCN_H 1
| #define LT_OBJDIR ".libs/"
| #define STDC_HEADERS 1
| /* end confdefs.h.  */
| 
| int
| main ()
| {
| 
|   ;
|   return 0;
| }
configure:15051: result: neither works
configure:15092: /Developer/Platforms/iPhoneOS.platform/Developer/usr/bin/arm-apple-darwin9-gcc-4.0.1 -isysroot /Developer/Platforms/iPhoneOS.platform/Developer/SDKs/iPhoneOS3.1.3.sdk -o conftest -arch armv6 -fasm-blocks -Wno-trigraphs -Wreturn-type -Wunused-variable -I/usr/local/iphone/iPhoneOS3.1.3/include -L/usr/local/iphone/iPhoneOS3.1.3/lib  -arch armv6 conftest.c   -L/usr/X11/lib -lX11 >&5
ld: warning: -force_cpusubtype_ALL will become unsupported for ARM architectures
ld: warning: in /usr/X11/lib/libX11.dylib, missing required architecture arm in file
Undefined symbols:
  "_XOpenDisplay", referenced from:
      _main in ccYTOm8y.o
ld: symbol(s) not found
collect2: ld returned 1 exit status
configure:15092: $? = 1
configure: failed program was:
| /* confdefs.h */
| #define PACKAGE_NAME "FTGLES"
| #define PACKAGE_TARNAME "ftgles"
| #define PACKAGE_VERSION "0.1"
| #define PACKAGE_STRING "FTGLES 0.1"
| #define PACKAGE_BUGREPORT "david@davidpetrie.com"
| #define PACKAGE_URL ""
| #define STDC_HEADERS 1
| #define HAVE_SYS_TYPES_H 1
| #define HAVE_SYS_STAT_H 1
| #define HAVE_STDLIB_H 1
| #define HAVE_STRING_H 1
| #define HAVE_MEMORY_H 1
| #define HAVE_STRINGS_H 1
| #define HAVE_INTTYPES_H 1
| #define HAVE_STDINT_H 1
| #define HAVE_UNISTD_H 1
| #define HAVE_DLFCN_H 1
| #define LT_OBJDIR ".libs/"
| #define STDC_HEADERS 1
| /* end confdefs.h.  */
| 
| /* Override any GCC internal prototype to avoid an error.
|    Use char because int might match the return type of a GCC
|    builtin and then its argument prototype would still apply.  */
| #ifdef __cplusplus
| extern "C"
| #endif
| char XOpenDisplay ();
| int
| main ()
| {
| return XOpenDisplay ();
|   ;
|   return 0;
| }
configure:15095: checking for dnet_ntoa in -ldnet
configure:15120: /Developer/Platforms/iPhoneOS.platform/Developer/usr/bin/arm-apple-darwin9-gcc-4.0.1 -isysroot /Developer/Platforms/iPhoneOS.platform/Developer/SDKs/iPhoneOS3.1.3.sdk -o conftest -arch armv6 -fasm-blocks -Wno-trigraphs -Wreturn-type -Wunused-variable -I/usr/local/iphone/iPhoneOS3.1.3/include -L/usr/local/iphone/iPhoneOS3.1.3/lib  -arch armv6 conftest.c -ldnet    -L/usr/X11/lib -lX11 >&5
ld: library not found for -ldnet
collect2: ld returned 1 exit status
configure:15120: $? = 1
configure: failed program was:
| /* confdefs.h */
| #define PACKAGE_NAME "FTGLES"
| #define PACKAGE_TARNAME "ftgles"
| #define PACKAGE_VERSION "0.1"
| #define PACKAGE_STRING "FTGLES 0.1"
| #define PACKAGE_BUGREPORT "david@davidpetrie.com"
| #define PACKAGE_URL ""
| #define STDC_HEADERS 1
| #define HAVE_SYS_TYPES_H 1
| #define HAVE_SYS_STAT_H 1
| #define HAVE_STDLIB_H 1
| #define HAVE_STRING_H 1
| #define HAVE_MEMORY_H 1
| #define HAVE_STRINGS_H 1
| #define HAVE_INTTYPES_H 1
| #define HAVE_STDINT_H 1
| #define HAVE_UNISTD_H 1
| #define HAVE_DLFCN_H 1
| #define LT_OBJDIR ".libs/"
| #define STDC_HEADERS 1
| /* end confdefs.h.  */
| 
| /* Override any GCC internal prototype to avoid an error.
|    Use char because int might match the return type of a GCC
|    builtin and then its argument prototype would still apply.  */
| #ifdef __cplusplus
| extern "C"
| #endif
| char dnet_ntoa ();
| int
| main ()
| {
| return dnet_ntoa ();
|   ;
|   return 0;
| }
configure:15129: result: no
configure:15136: checking for dnet_ntoa in -ldnet_stub
configure:15161: /Developer/Platforms/iPhoneOS.platform/Developer/usr/bin/arm-apple-darwin9-gcc-4.0.1 -isysroot /Developer/Platforms/iPhoneOS.platform/Developer/SDKs/iPhoneOS3.1.3.sdk -o conftest -arch armv6 -fasm-blocks -Wno-trigraphs -Wreturn-type -Wunused-variable -I/usr/local/iphone/iPhoneOS3.1.3/include -L/usr/local/iphone/iPhoneOS3.1.3/lib  -arch armv6 conftest.c -ldnet_stub    -L/usr/X11/lib -lX11 >&5
ld: library not found for -ldnet_stub
collect2: ld returned 1 exit status
configure:15161: $? = 1
configure: failed program was:
| /* confdefs.h */
| #define PACKAGE_NAME "FTGLES"
| #define PACKAGE_TARNAME "ftgles"
| #define PACKAGE_VERSION "0.1"
| #define PACKAGE_STRING "FTGLES 0.1"
| #define PACKAGE_BUGREPORT "david@davidpetrie.com"
| #define PACKAGE_URL ""
| #define STDC_HEADERS 1
| #define HAVE_SYS_TYPES_H 1
| #define HAVE_SYS_STAT_H 1
| #define HAVE_STDLIB_H 1
| #define HAVE_STRING_H 1
| #define HAVE_MEMORY_H 1
| #define HAVE_STRINGS_H 1
| #define HAVE_INTTYPES_H 1
| #define HAVE_STDINT_H 1
| #define HAVE_UNISTD_H 1
| #define HAVE_DLFCN_H 1
| #define LT_OBJDIR ".libs/"
| #define STDC_HEADERS 1
| /* end confdefs.h.  */
| 
| /* Override any GCC internal prototype to avoid an error.
|    Use char because int might match the return type of a GCC
|    builtin and then its argument prototype would still apply.  */
| #ifdef __cplusplus
| extern "C"
| #endif
| char dnet_ntoa ();
| int
| main ()
| {
| return dnet_ntoa ();
|   ;
|   return 0;
| }
configure:15170: result: no
configure:15190: checking for gethostbyname
configure:15190: /Developer/Platforms/iPhoneOS.platform/Developer/usr/bin/arm-apple-darwin9-gcc-4.0.1 -isysroot /Developer/Platforms/iPhoneOS.platform/Developer/SDKs/iPhoneOS3.1.3.sdk -o conftest -arch armv6 -fasm-blocks -Wno-trigraphs -Wreturn-type -Wunused-variable -I/usr/local/iphone/iPhoneOS3.1.3/include -L/usr/local/iphone/iPhoneOS3.1.3/lib  -arch armv6 conftest.c  >&5
ld: warning: -force_cpusubtype_ALL will become unsupported for ARM architectures
configure:15190: $? = 0
configure:15190: result: yes
configure:15287: checking for connect
configure:15287: /Developer/Platforms/iPhoneOS.platform/Developer/usr/bin/arm-apple-darwin9-gcc-4.0.1 -isysroot /Developer/Platforms/iPhoneOS.platform/Developer/SDKs/iPhoneOS3.1.3.sdk -o conftest -arch armv6 -fasm-blocks -Wno-trigraphs -Wreturn-type -Wunused-variable -I/usr/local/iphone/iPhoneOS3.1.3/include -L/usr/local/iphone/iPhoneOS3.1.3/lib  -arch armv6 conftest.c  >&5
ld: warning: -force_cpusubtype_ALL will become unsupported for ARM architectures
configure:15287: $? = 0
configure:15287: result: yes
configure:15336: checking for remove
configure:15336: /Developer/Platforms/iPhoneOS.platform/Developer/usr/bin/arm-apple-darwin9-gcc-4.0.1 -isysroot /Developer/Platforms/iPhoneOS.platform/Developer/SDKs/iPhoneOS3.1.3.sdk -o conftest -arch armv6 -fasm-blocks -Wno-trigraphs -Wreturn-type -Wunused-variable -I/usr/local/iphone/iPhoneOS3.1.3/include -L/usr/local/iphone/iPhoneOS3.1.3/lib  -arch armv6 conftest.c  >&5
ld: warning: -force_cpusubtype_ALL will become unsupported for ARM architectures
configure:15336: $? = 0
configure:15336: result: yes
configure:15385: checking for shmat
configure:15385: /Developer/Platforms/iPhoneOS.platform/Developer/usr/bin/arm-apple-darwin9-gcc-4.0.1 -isysroot /Developer/Platforms/iPhoneOS.platform/Developer/SDKs/iPhoneOS3.1.3.sdk -o conftest -arch armv6 -fasm-blocks -Wno-trigraphs -Wreturn-type -Wunused-variable -I/usr/local/iphone/iPhoneOS3.1.3/include -L/usr/local/iphone/iPhoneOS3.1.3/lib  -arch armv6 conftest.c  >&5
ld: warning: -force_cpusubtype_ALL will become unsupported for ARM architectures
configure:15385: $? = 0
configure:15385: result: yes
configure:15443: checking for IceConnectionNumber in -lICE
configure:15468: /Developer/Platforms/iPhoneOS.platform/Developer/usr/bin/arm-apple-darwin9-gcc-4.0.1 -isysroot /Developer/Platforms/iPhoneOS.platform/Developer/SDKs/iPhoneOS3.1.3.sdk -o conftest -arch armv6 -fasm-blocks -Wno-trigraphs -Wreturn-type -Wunused-variable -I/usr/local/iphone/iPhoneOS3.1.3/include -L/usr/local/iphone/iPhoneOS3.1.3/lib  -arch armv6 -L/usr/X11/lib conftest.c -lICE   >&5
ld: warning: -force_cpusubtype_ALL will become unsupported for ARM architectures
ld: warning: in /usr/X11/lib/libICE.dylib, missing required architecture arm in file
Undefined symbols:
  "_IceConnectionNumber", referenced from:
      _main in ccShRmCI.o
ld: symbol(s) not found
collect2: ld returned 1 exit status
configure:15468: $? = 1
configure: failed program was:
| /* confdefs.h */
| #define PACKAGE_NAME "FTGLES"
| #define PACKAGE_TARNAME "ftgles"
| #define PACKAGE_VERSION "0.1"
| #define PACKAGE_STRING "FTGLES 0.1"
| #define PACKAGE_BUGREPORT "david@davidpetrie.com"
| #define PACKAGE_URL ""
| #define STDC_HEADERS 1
| #define HAVE_SYS_TYPES_H 1
| #define HAVE_SYS_STAT_H 1
| #define HAVE_STDLIB_H 1
| #define HAVE_STRING_H 1
| #define HAVE_MEMORY_H 1
| #define HAVE_STRINGS_H 1
| #define HAVE_INTTYPES_H 1
| #define HAVE_STDINT_H 1
| #define HAVE_UNISTD_H 1
| #define HAVE_DLFCN_H 1
| #define LT_OBJDIR ".libs/"
| #define STDC_HEADERS 1
| /* end confdefs.h.  */
| 
| /* Override any GCC internal prototype to avoid an error.
|    Use char because int might match the return type of a GCC
|    builtin and then its argument prototype would still apply.  */
| #ifdef __cplusplus
| extern "C"
| #endif
| char IceConnectionNumber ();
| int
| main ()
| {
| return IceConnectionNumber ();
|   ;
|   return 0;
| }
configure:15477: result: no
configure:15532: checking GL/glut.h usability
configure:15532: /Developer/Platforms/iPhoneOS.platform/Developer/usr/bin/arm-apple-darwin9-gcc-4.0.1 -isysroot /Developer/Platforms/iPhoneOS.platform/Developer/SDKs/iPhoneOS3.1.3.sdk -c -arch armv6 -fasm-blocks -Wno-trigraphs -Wreturn-type -Wunused-variable -I/usr/local/iphone/iPhoneOS3.1.3/include -L/usr/local/iphone/iPhoneOS3.1.3/lib  conftest.c >&5
conftest.c:55:21: error: GL/glut.h: No such file or directory
configure:15532: $? = 1
configure: failed program was:
| /* confdefs.h */
| #define PACKAGE_NAME "FTGLES"
| #define PACKAGE_TARNAME "ftgles"
| #define PACKAGE_VERSION "0.1"
| #define PACKAGE_STRING "FTGLES 0.1"
| #define PACKAGE_BUGREPORT "david@davidpetrie.com"
| #define PACKAGE_URL ""
| #define STDC_HEADERS 1
| #define HAVE_SYS_TYPES_H 1
| #define HAVE_SYS_STAT_H 1
| #define HAVE_STDLIB_H 1
| #define HAVE_STRING_H 1
| #define HAVE_MEMORY_H 1
| #define HAVE_STRINGS_H 1
| #define HAVE_INTTYPES_H 1
| #define HAVE_STDINT_H 1
| #define HAVE_UNISTD_H 1
| #define HAVE_DLFCN_H 1
| #define LT_OBJDIR ".libs/"
| #define STDC_HEADERS 1
| /* end confdefs.h.  */
| #include <stdio.h>
| #ifdef HAVE_SYS_TYPES_H
| # include <sys/types.h>
| #endif
| #ifdef HAVE_SYS_STAT_H
| # include <sys/stat.h>
| #endif
| #ifdef STDC_HEADERS
| # include <stdlib.h>
| # include <stddef.h>
| #else
| # ifdef HAVE_STDLIB_H
| #  include <stdlib.h>
| # endif
| #endif
| #ifdef HAVE_STRING_H
| # if !defined STDC_HEADERS && defined HAVE_MEMORY_H
| #  include <memory.h>
| # endif
| # include <string.h>
| #endif
| #ifdef HAVE_STRINGS_H
| # include <strings.h>
| #endif
| #ifdef HAVE_INTTYPES_H
| # include <inttypes.h>
| #endif
| #ifdef HAVE_STDINT_H
| # include <stdint.h>
| #endif
| #ifdef HAVE_UNISTD_H
| # include <unistd.h>
| #endif
| #include <GL/glut.h>
configure:15532: result: no
configure:15532: checking GL/glut.h presence
configure:15532: /Developer/Platforms/iPhoneOS.platform/Developer/usr/bin/arm-apple-darwin9-gcc-4.0.1 -isysroot /Developer/Platforms/iPhoneOS.platform/Developer/SDKs/iPhoneOS3.1.3.sdk -E  conftest.c
conftest.c:22:21: error: GL/glut.h: No such file or directory
configure:15532: $? = 1
configure: failed program was:
| /* confdefs.h */
| #define PACKAGE_NAME "FTGLES"
| #define PACKAGE_TARNAME "ftgles"
| #define PACKAGE_VERSION "0.1"
| #define PACKAGE_STRING "FTGLES 0.1"
| #define PACKAGE_BUGREPORT "david@davidpetrie.com"
| #define PACKAGE_URL ""
| #define STDC_HEADERS 1
| #define HAVE_SYS_TYPES_H 1
| #define HAVE_SYS_STAT_H 1
| #define HAVE_STDLIB_H 1
| #define HAVE_STRING_H 1
| #define HAVE_MEMORY_H 1
| #define HAVE_STRINGS_H 1
| #define HAVE_INTTYPES_H 1
| #define HAVE_STDINT_H 1
| #define HAVE_UNISTD_H 1
| #define HAVE_DLFCN_H 1
| #define LT_OBJDIR ".libs/"
| #define STDC_HEADERS 1
| /* end confdefs.h.  */
| #include <GL/glut.h>
configure:15532: result: no
configure:15532: checking for GL/glut.h
configure:15532: result: no
configure:15541: checking GLUT/glut.h usability
configure:15541: /Developer/Platforms/iPhoneOS.platform/Developer/usr/bin/arm-apple-darwin9-gcc-4.0.1 -isysroot /Developer/Platforms/iPhoneOS.platform/Developer/SDKs/iPhoneOS3.1.3.sdk -c -arch armv6 -fasm-blocks -Wno-trigraphs -Wreturn-type -Wunused-variable -I/usr/local/iphone/iPhoneOS3.1.3/include -L/usr/local/iphone/iPhoneOS3.1.3/lib  conftest.c >&5
conftest.c:55:23: error: GLUT/glut.h: No such file or directory
configure:15541: $? = 1
configure: failed program was:
| /* confdefs.h */
| #define PACKAGE_NAME "FTGLES"
| #define PACKAGE_TARNAME "ftgles"
| #define PACKAGE_VERSION "0.1"
| #define PACKAGE_STRING "FTGLES 0.1"
| #define PACKAGE_BUGREPORT "david@davidpetrie.com"
| #define PACKAGE_URL ""
| #define STDC_HEADERS 1
| #define HAVE_SYS_TYPES_H 1
| #define HAVE_SYS_STAT_H 1
| #define HAVE_STDLIB_H 1
| #define HAVE_STRING_H 1
| #define HAVE_MEMORY_H 1
| #define HAVE_STRINGS_H 1
| #define HAVE_INTTYPES_H 1
| #define HAVE_STDINT_H 1
| #define HAVE_UNISTD_H 1
| #define HAVE_DLFCN_H 1
| #define LT_OBJDIR ".libs/"
| #define STDC_HEADERS 1
| /* end confdefs.h.  */
| #include <stdio.h>
| #ifdef HAVE_SYS_TYPES_H
| # include <sys/types.h>
| #endif
| #ifdef HAVE_SYS_STAT_H
| # include <sys/stat.h>
| #endif
| #ifdef STDC_HEADERS
| # include <stdlib.h>
| # include <stddef.h>
| #else
| # ifdef HAVE_STDLIB_H
| #  include <stdlib.h>
| # endif
| #endif
| #ifdef HAVE_STRING_H
| # if !defined STDC_HEADERS && defined HAVE_MEMORY_H
| #  include <memory.h>
| # endif
| # include <string.h>
| #endif
| #ifdef HAVE_STRINGS_H
| # include <strings.h>
| #endif
| #ifdef HAVE_INTTYPES_H
| # include <inttypes.h>
| #endif
| #ifdef HAVE_STDINT_H
| # include <stdint.h>
| #endif
| #ifdef HAVE_UNISTD_H
| # include <unistd.h>
| #endif
| #include <GLUT/glut.h>
configure:15541: result: no
configure:15541: checking GLUT/glut.h presence
configure:15541: /Developer/Platforms/iPhoneOS.platform/Developer/usr/bin/arm-apple-darwin9-gcc-4.0.1 -isysroot /Developer/Platforms/iPhoneOS.platform/Developer/SDKs/iPhoneOS3.1.3.sdk -E  conftest.c
conftest.c:22:23: error: GLUT/glut.h: No such file or directory
configure:15541: $? = 1
configure: failed program was:
| /* confdefs.h */
| #define PACKAGE_NAME "FTGLES"
| #define PACKAGE_TARNAME "ftgles"
| #define PACKAGE_VERSION "0.1"
| #define PACKAGE_STRING "FTGLES 0.1"
| #define PACKAGE_BUGREPORT "david@davidpetrie.com"
| #define PACKAGE_URL ""
| #define STDC_HEADERS 1
| #define HAVE_SYS_TYPES_H 1
| #define HAVE_SYS_STAT_H 1
| #define HAVE_STDLIB_H 1
| #define HAVE_STRING_H 1
| #define HAVE_MEMORY_H 1
| #define HAVE_STRINGS_H 1
| #define HAVE_INTTYPES_H 1
| #define HAVE_STDINT_H 1
| #define HAVE_UNISTD_H 1
| #define HAVE_DLFCN_H 1
| #define LT_OBJDIR ".libs/"
| #define STDC_HEADERS 1
| /* end confdefs.h.  */
| #include <GLUT/glut.h>
configure:15541: result: no
configure:15541: checking for GLUT/glut.h
configure:15541: result: no
configure:15698: WARNING: GLUT headers not available, example program won't be compiled.
configure:15725: checking for a TrueType font on the system
configure:15759: result: /usr/X11R6/lib/X11/fonts/TTF/VeraSe.ttf
configure:15769: checking for arm-apple-darwin-pkg-config
configure:15802: result: no
configure:15812: checking for pkg-config
configure:15845: result: no
configure:15881: checking for CPPUNIT
configure:15948: result: no
configure:15968: checking for doxygen
configure:15999: result: no
configure:16019: checking for pdflatex
configure:16050: result: no
configure:16060: checking for kpsewhich
configure:16091: result: no
configure:16101: checking for dvips
configure:16132: result: no
configure:16142: checking for convert
configure:16173: result: no
configure:16183: checking for epstopdf
configure:16214: result: no
configure:16399: creating ./config.status
configure:18884: result: Done.
configure:18886: result: 
configure:18888: result: FTGL configured with the following settings:
configure:18890: result: 
configure:18892: result:              Prefix: /usr/local/iphone/iPhoneOS3.1.3
configure:18894: result:            Binaries: /usr/local/iphone/iPhoneOS3.1.3/bin
configure:18896: result: Configuration files: /usr/local/iphone/iPhoneOS3.1.3/etc
configure:18898: result:          Data files: /usr/local/iphone/iPhoneOS3.1.3/share
configure:18900: result: 
configure:18902: result: CC       = /Developer/Platforms/iPhoneOS.platform/Developer/usr/bin/arm-apple-darwin9-gcc-4.0.1 -isysroot /Developer/Platforms/iPhoneOS.platform/Developer/SDKs/iPhoneOS3.1.3.sdk
configure:18904: result: CXX      = /Developer/Platforms/iPhoneOS.platform/Developer/usr/bin/arm-apple-darwin9-g++-4.0.1 -isysroot /Developer/Platforms/iPhoneOS.platform/Developer/SDKs/iPhoneOS3.1.3.sdk
configure:18907: result: CFLAGS   = -arch armv6 -fasm-blocks -Wno-trigraphs -Wreturn-type -Wunused-variable -I/usr/local/iphone/iPhoneOS3.1.3/include -L/usr/local/iphone/iPhoneOS3.1.3/lib -Waggregate-return -Wstrict-prototypes -Wmissing-prototypes -Wnested-externs
configure:18911: result: CXXFLAGS = -arch armv6 -fasm-blocks -Wno-trigraphs -Wreturn-type -Wunused-variable -I/usr/local/iphone/iPhoneOS3.1.3/include -L/usr/local/iphone/iPhoneOS3.1.3/lib
configure:18915: result: CPPFLAGS =  -I${top_srcdir}/src -I${top_srcdir}/src/iGLU-1.0.0/include -Wall -Wpointer-arith -Wcast-align -Wcast-qual -Wshadow -Wsign-compare
configure:18919: result: LDFLAGS  = -arch armv6
configure:18926: result: 
configure:18928: result: ---
configure:18930: result: ./configure complete, type 'make' to begin building
configure:18932: result: 

## ---------------- ##
## Cache variables. ##
## ---------------- ##

ac_cv_build=i386-apple-darwin10.3.0
ac_cv_c_compiler_gnu=yes
ac_cv_cxx_compiler_gnu=yes
ac_cv_env_CCC_set=
ac_cv_env_CCC_value=
ac_cv_env_CC_set=set
ac_cv_env_CC_value='/Developer/Platforms/iPhoneOS.platform/Developer/usr/bin/arm-apple-darwin9-gcc-4.0.1 -isysroot /Developer/Platforms/iPhoneOS.platform/Developer/SDKs/iPhoneOS3.1.3.sdk'
ac_cv_env_CFLAGS_set=set
ac_cv_env_CFLAGS_value='-arch armv6 -fasm-blocks -Wno-trigraphs -Wreturn-type -Wunused-variable -I/usr/local/iphone/iPhoneOS3.1.3/include -L/usr/local/iphone/iPhoneOS3.1.3/lib'
ac_cv_env_CPPFLAGS_set=
ac_cv_env_CPPFLAGS_value=
ac_cv_env_CPPUNIT_CFLAGS_set=
ac_cv_env_CPPUNIT_CFLAGS_value=
ac_cv_env_CPPUNIT_LIBS_set=
ac_cv_env_CPPUNIT_LIBS_value=
ac_cv_env_CPP_set=
ac_cv_env_CPP_value=
ac_cv_env_CXXCPP_set=
ac_cv_env_CXXCPP_value=
ac_cv_env_CXXFLAGS_set=set
ac_cv_env_CXXFLAGS_value='-arch armv6 -fasm-blocks -Wno-trigraphs -Wreturn-type -Wunused-variable -I/usr/local/iphone/iPhoneOS3.1.3/include -L/usr/local/iphone/iPhoneOS3.1.3/lib'
ac_cv_env_CXX_set=set
ac_cv_env_CXX_value='/Developer/Platforms/iPhoneOS.platform/Developer/usr/bin/arm-apple-darwin9-g++-4.0.1 -isysroot /Developer/Platforms/iPhoneOS.platform/Developer/SDKs/iPhoneOS3.1.3.sdk'
ac_cv_env_LDFLAGS_set=set
ac_cv_env_LDFLAGS_value='-arch armv6'
ac_cv_env_LIBS_set=
ac_cv_env_LIBS_value=
ac_cv_env_PKG_CONFIG_set=
ac_cv_env_PKG_CONFIG_value=
ac_cv_env_XMKMF_set=
ac_cv_env_XMKMF_value=
ac_cv_env_build_alias_set=
ac_cv_env_build_alias_value=
ac_cv_env_host_alias_set=set
ac_cv_env_host_alias_value=arm-apple-darwin
ac_cv_env_target_alias_set=
ac_cv_env_target_alias_value=
ac_cv_func_connect=yes
ac_cv_func_gethostbyname=yes
ac_cv_func_remove=yes
ac_cv_func_shmat=yes
ac_cv_func_strndup=no
ac_cv_func_wcsdup=no
ac_cv_have_glut=no
ac_cv_have_x='have_x=yes	ac_x_includes='\''/usr/X11/include'\''	ac_x_libraries='\''/usr/X11/lib'\'''
ac_cv_header_GLUT_glut_h=no
ac_cv_header_GL_glut_h=no
ac_cv_header_dlfcn_h=yes
ac_cv_header_inttypes_h=yes
ac_cv_header_memory_h=yes
ac_cv_header_stdc=yes
ac_cv_header_stdint_h=yes
ac_cv_header_stdlib_h=yes
ac_cv_header_string_h=yes
ac_cv_header_strings_h=yes
ac_cv_header_sys_stat_h=yes
ac_cv_header_sys_types_h=yes
ac_cv_header_unistd_h=yes
ac_cv_host=arm-apple-darwin
ac_cv_lib_ICE_IceConnectionNumber=no
ac_cv_lib_dnet_dnet_ntoa=no
ac_cv_lib_dnet_stub_dnet_ntoa=no
ac_cv_objext=o
ac_cv_path_CONVERT=no
ac_cv_path_DOXYGEN=no
ac_cv_path_DVIPS=no
ac_cv_path_EGREP='/usr/bin/grep -E'
ac_cv_path_EPSTOPDF=no
ac_cv_path_FGREP='/usr/bin/grep -F'
ac_cv_path_FT2_CONFIG=/usr/X11/bin/freetype-config
ac_cv_path_GREP=/usr/bin/grep
ac_cv_path_KPSEWHICH=no
ac_cv_path_LATEX=no
ac_cv_path_SED=/usr/bin/sed
ac_cv_path_install='/usr/bin/install -c'
ac_cv_prog_AWK=awk
ac_cv_prog_CC='/Developer/Platforms/iPhoneOS.platform/Developer/usr/bin/arm-apple-darwin9-gcc-4.0.1 -isysroot /Developer/Platforms/iPhoneOS.platform/Developer/SDKs/iPhoneOS3.1.3.sdk'
ac_cv_prog_CPP='/Developer/Platforms/iPhoneOS.platform/Developer/usr/bin/arm-apple-darwin9-gcc-4.0.1 -isysroot /Developer/Platforms/iPhoneOS.platform/Developer/SDKs/iPhoneOS3.1.3.sdk -E'
ac_cv_prog_CXXCPP='/Developer/Platforms/iPhoneOS.platform/Developer/usr/bin/arm-apple-darwin9-g++-4.0.1 -isysroot /Developer/Platforms/iPhoneOS.platform/Developer/SDKs/iPhoneOS3.1.3.sdk -E'
ac_cv_prog_STRIP=strip
ac_cv_prog_ac_ct_AR=ar
ac_cv_prog_ac_ct_DSYMUTIL=dsymutil
ac_cv_prog_ac_ct_DUMPBIN='link -dump -symbols'
ac_cv_prog_ac_ct_LIPO=lipo
ac_cv_prog_ac_ct_NMEDIT=nmedit
ac_cv_prog_ac_ct_OTOOL=otool
ac_cv_prog_ac_ct_RANLIB=ranlib
ac_cv_prog_ac_ct_STRIP=strip
ac_cv_prog_cc__Developer_Platforms_iPhoneOS_platform_Developer_usr_bin_arm_apple_darwin9_gcc_4_0_1_c_o=yes
ac_cv_prog_cc_c89=
ac_cv_prog_cc_g=yes
ac_cv_prog_cxx_g=yes
ac_cv_prog_make_make_set=yes
am_cv_CC_dependencies_compiler_type=gcc3
am_cv_CXX_dependencies_compiler_type=gcc3
lt_cv_apple_cc_single_mod=no
lt_cv_deplibs_check_method=pass_all
lt_cv_file_magic_cmd='$MAGIC_CMD'
lt_cv_file_magic_test_file=
lt_cv_ld_exported_symbols_list=yes
lt_cv_ld_reload_flag=-r
lt_cv_nm_interface='BSD nm'
lt_cv_objdir=.libs
lt_cv_path_LD=/Developer/Platforms/iPhoneOS.platform/Developer/usr/libexec/gcc/arm-apple-darwin9/4.0.1/ld
lt_cv_path_LDCXX=/Developer/Platforms/iPhoneOS.platform/Developer/usr/libexec/gcc/arm-apple-darwin9/4.0.1/ld
lt_cv_path_NM=no
lt_cv_prog_compiler_c_o=yes
lt_cv_prog_compiler_c_o_CXX=yes
lt_cv_prog_compiler_pic_works=yes
lt_cv_prog_compiler_pic_works_CXX=yes
lt_cv_prog_compiler_rtti_exceptions=no
lt_cv_prog_compiler_static_works=no
lt_cv_prog_compiler_static_works_CXX=no
lt_cv_prog_gnu_ld=no
lt_cv_prog_gnu_ldcxx=no
lt_cv_sys_global_symbol_pipe=
lt_cv_sys_global_symbol_to_c_name_address='sed -n -e '\''s/^: \([^ ]*\) $/  {\"\1\", (void *) 0},/p'\'' -e '\''s/^[BCDEGRST]* \([^ ]*\) \([^ ]*\)$/  {"\2", (void *) \&\2},/p'\'''
lt_cv_sys_global_symbol_to_c_name_address_lib_prefix='sed -n -e '\''s/^: \([^ ]*\) $/  {\"\1\", (void *) 0},/p'\'' -e '\''s/^[BCDEGRST]* \([^ ]*\) \(lib[^ ]*\)$/  {"\2", (void *) \&\2},/p'\'' -e '\''s/^[BCDEGRST]* \([^ ]*\) \([^ ]*\)$/  {"lib\2", (void *) \&\2},/p'\'''
lt_cv_sys_global_symbol_to_cdecl=
lt_cv_sys_max_cmd_len=196608

## ----------------- ##
## Output variables. ##
## ----------------- ##

ACLOCAL='${SHELL} "/Users/davidpetrie/Documents/Projects/Open Source/ftgles/ftgles/.auto/missing" --run aclocal-1.11'
AMDEPBACKSLASH='\'
AMDEP_FALSE='#'
AMDEP_TRUE=''
AMTAR='${SHELL} "/Users/davidpetrie/Documents/Projects/Open Source/ftgles/ftgles/.auto/missing" --run tar'
AR='ar'
AUTOCONF='${SHELL} "/Users/davidpetrie/Documents/Projects/Open Source/ftgles/ftgles/.auto/missing" --run autoconf'
AUTOHEADER='${SHELL} "/Users/davidpetrie/Documents/Projects/Open Source/ftgles/ftgles/.auto/missing" --run autoheader'
AUTOMAKE='${SHELL} "/Users/davidpetrie/Documents/Projects/Open Source/ftgles/ftgles/.auto/missing" --run automake-1.11'
AWK='awk'
CC='/Developer/Platforms/iPhoneOS.platform/Developer/usr/bin/arm-apple-darwin9-gcc-4.0.1 -isysroot /Developer/Platforms/iPhoneOS.platform/Developer/SDKs/iPhoneOS3.1.3.sdk'
CCDEPMODE='depmode=gcc3'
CFLAGS='-arch armv6 -fasm-blocks -Wno-trigraphs -Wreturn-type -Wunused-variable -I/usr/local/iphone/iPhoneOS3.1.3/include -L/usr/local/iphone/iPhoneOS3.1.3/lib -Waggregate-return -Wstrict-prototypes -Wmissing-prototypes -Wnested-externs'
CONVERT='no'
CPP='/Developer/Platforms/iPhoneOS.platform/Developer/usr/bin/arm-apple-darwin9-gcc-4.0.1 -isysroot /Developer/Platforms/iPhoneOS.platform/Developer/SDKs/iPhoneOS3.1.3.sdk -E'
CPPFLAGS=' -I${top_srcdir}/src -I${top_srcdir}/src/iGLU-1.0.0/include -Wall -Wpointer-arith -Wcast-align -Wcast-qual -Wshadow -Wsign-compare'
CPPUNIT_CFLAGS=''
CPPUNIT_LIBS=''
CXX='/Developer/Platforms/iPhoneOS.platform/Developer/usr/bin/arm-apple-darwin9-g++-4.0.1 -isysroot /Developer/Platforms/iPhoneOS.platform/Developer/SDKs/iPhoneOS3.1.3.sdk'
CXXCPP='/Developer/Platforms/iPhoneOS.platform/Developer/usr/bin/arm-apple-darwin9-g++-4.0.1 -isysroot /Developer/Platforms/iPhoneOS.platform/Developer/SDKs/iPhoneOS3.1.3.sdk -E'
CXXDEPMODE='depmode=gcc3'
CXXFLAGS='-arch armv6 -fasm-blocks -Wno-trigraphs -Wreturn-type -Wunused-variable -I/usr/local/iphone/iPhoneOS3.1.3/include -L/usr/local/iphone/iPhoneOS3.1.3/lib'
CYGPATH_W='echo'
DEFS='-DHAVE_CONFIG_H'
DEPDIR='.deps'
DOXYGEN='no'
DSYMUTIL='dsymutil'
DUMPBIN='link -dump -symbols'
DVIPS='no'
ECHO_C='\c'
ECHO_N=''
ECHO_T=''
EGREP='/usr/bin/grep -E'
EPSTOPDF='no'
EXEEXT=''
FGREP='/usr/bin/grep -F'
FT2_CFLAGS='-I/usr/X11/include/freetype2 -I/usr/X11/include'
FT2_CONFIG='/usr/X11/bin/freetype-config'
FT2_LIBS='-L/usr/X11/lib -lfreetype -lz -Wl,-framework,CoreServices -Wl,-framework,ApplicationServices'
GLUT_CFLAGS=''
GLUT_LIBS=''
GREP='/usr/bin/grep'
HAVE_CPPUNIT_FALSE=''
HAVE_CPPUNIT_TRUE='#'
HAVE_DOXYGEN_FALSE=''
HAVE_DOXYGEN_TRUE='#'
HAVE_GLUT_FALSE=''
HAVE_GLUT_TRUE='#'
HAVE_LATEX_FALSE=''
HAVE_LATEX_TRUE='#'
INSTALL_DATA='${INSTALL} -m 644'
INSTALL_PROGRAM='${INSTALL}'
INSTALL_SCRIPT='${INSTALL}'
INSTALL_STRIP_PROGRAM='$(install_sh) -c -s'
KPSEWHICH='no'
LATEX='no'
LD='/Developer/Platforms/iPhoneOS.platform/Developer/usr/libexec/gcc/arm-apple-darwin9/4.0.1/ld'
LDFLAGS='-arch armv6'
LIBOBJS=''
LIBS=''
LIBTOOL='$(SHELL) $(top_builddir)/libtool'
LIPO='lipo'
LN_S='ln -s'
LTLIBOBJS=''
LT_MAJOR='0'
LT_MICRO='2'
LT_MINOR='1'
LT_VERSION='0:1:2'
MAKEINFO='${SHELL} "/Users/davidpetrie/Documents/Projects/Open Source/ftgles/ftgles/.auto/missing" --run makeinfo'
MKDIR_P='.auto/install-sh -c -d'
NM='link -dump -symbols'
NMEDIT='nmedit'
OBJDUMP='false'
OBJEXT='o'
OTOOL64=':'
OTOOL='otool'
PACKAGE='ftgles'
PACKAGE_BUGREPORT='david@davidpetrie.com'
PACKAGE_NAME='FTGLES'
PACKAGE_STRING='FTGLES 0.1'
PACKAGE_TARNAME='ftgles'
PACKAGE_URL=''
PACKAGE_VERSION='0.1'
PATH_SEPARATOR=':'
PKG_CONFIG=''
RANLIB='ranlib'
SED='/usr/bin/sed'
SET_MAKE=''
SHELL='/bin/sh'
STRIP='strip'
VERSION='0.1'
XMKMF=''
X_CFLAGS=' -I/usr/X11/include'
X_EXTRA_LIBS=''
X_LIBS=' -L/usr/X11/lib'
X_PRE_LIBS=''
ac_ct_CC=''
ac_ct_CXX=''
ac_ct_DUMPBIN='link -dump -symbols'
am__EXEEXT_FALSE=''
am__EXEEXT_TRUE='#'
am__fastdepCC_FALSE='#'
am__fastdepCC_TRUE=''
am__fastdepCXX_FALSE='#'
am__fastdepCXX_TRUE=''
am__include='include'
am__isrc=''
am__leading_dot='.'
am__quote=''
am__tar='${AMTAR} chof - "$$tardir"'
am__untar='${AMTAR} xf -'
bindir='/usr/local/iphone/iPhoneOS3.1.3/bin'
build='i386-apple-darwin10.3.0'
build_alias=''
build_cpu='i386'
build_os='darwin10.3.0'
build_vendor='apple'
datadir='/usr/local/iphone/iPhoneOS3.1.3/share'
datarootdir='${prefix}/share'
docdir='${datarootdir}/doc/${PACKAGE_TARNAME}'
dvidir='${docdir}'
exec_prefix='${prefix}'
host='arm-apple-darwin'
host_alias='arm-apple-darwin'
host_cpu='arm'
host_os='darwin'
host_vendor='apple'
htmldir='${docdir}'
includedir='${prefix}/include'
infodir='${datarootdir}/info'
install_sh='${SHELL} '\''/Users/davidpetrie/Documents/Projects/Open Source/ftgles/ftgles/.auto/install-sh'\'''
libdir='${exec_prefix}/lib'
libexecdir='${exec_prefix}/libexec'
localedir='${datarootdir}/locale'
localstatedir='${prefix}/var'
lt_ECHO='/bin/echo'
mandir='/usr/local/iphone/iPhoneOS3.1.3/share/man'
mkdir_p='$(top_builddir)/.auto/install-sh -c -d'
oldincludedir='/usr/include'
pdfdir='${docdir}'
prefix='/usr/local/iphone/iPhoneOS3.1.3'
program_transform_name='s,x,x,'
psdir='${docdir}'
sbindir='${exec_prefix}/sbin'
sharedstatedir='${prefix}/com'
sysconfdir='/usr/local/iphone/iPhoneOS3.1.3/etc'
target_alias=''

## ----------- ##
## confdefs.h. ##
## ----------- ##

/* confdefs.h */
#define PACKAGE_NAME "FTGLES"
#define PACKAGE_TARNAME "ftgles"
#define PACKAGE_VERSION "0.1"
#define PACKAGE_STRING "FTGLES 0.1"
#define PACKAGE_BUGREPORT "david@davidpetrie.com"
#define PACKAGE_URL ""
#define STDC_HEADERS 1
#define HAVE_SYS_TYPES_H 1
#define HAVE_SYS_STAT_H 1
#define HAVE_STDLIB_H 1
#define HAVE_STRING_H 1
#define HAVE_MEMORY_H 1
#define HAVE_STRINGS_H 1
#define HAVE_INTTYPES_H 1
#define HAVE_STDINT_H 1
#define HAVE_UNISTD_H 1
#define HAVE_DLFCN_H 1
#define LT_OBJDIR ".libs/"
#define STDC_HEADERS 1
#define FONT_FILE "/usr/X11R6/lib/X11/fonts/TTF/VeraSe.ttf"

configure: exit 0

## ---------------------- ##
## Running config.status. ##
## ---------------------- ##

This file was extended by FTGLES config.status 0.1, which was
generated by GNU Autoconf 2.65.  Invocation command line was

  CONFIG_FILES    = 
  CONFIG_HEADERS  = 
  CONFIG_LINKS    = 
  CONFIG_COMMANDS = 
  $ ./config.status 

on David-Petries-iMac.local

config.status:1165: creating ftgles.pc
config.status:1165: creating Makefile
config.status:1165: creating docs/Makefile
config.status:1165: creating docs/doxygen.cfg
config.status:1165: creating msvc/Makefile
config.status:1165: creating src/Makefile
config.status:1165: creating demo/Makefile
config.status:1165: creating test/Makefile
config.status:1165: creating config.h
config.status:1337: config.h is unchanged
config.status:1385: executing depfiles commands
config.status:1385: executing libtool commands

## ---------------------- ##
## Running config.status. ##
## ---------------------- ##

This file was extended by FTGLES config.status 0.1, which was
generated by GNU Autoconf 2.65.  Invocation command line was

  CONFIG_FILES    = 
  CONFIG_HEADERS  = 
  CONFIG_LINKS    = 
  CONFIG_COMMANDS = 
  $ ./config.status config.h

on David-Petries-iMac.local

config.status:1165: creating config.h
config.status:1337: config.h is unchanged
